#
# There is insufficient memory for the Java Runtime Environment to continue.
# Native memory allocation (malloc) failed to allocate 430176 bytes for Chunk::new
# Possible reasons:
#   The system is out of physical RAM or swap space
#   In 32 bit mode, the process size limit was hit
# Possible solutions:
#   Reduce memory load on the system
#   Increase physical memory or swap space
#   Check if swap backing store is full
#   Use 64 bit Java on a 64 bit OS
#   Decrease Java heap size (-Xmx/-Xms)
#   Decrease number of Java threads
#   Decrease Java thread stack sizes (-Xss)
#   Set larger code cache with -XX:ReservedCodeCacheSize=
# This output file may be truncated or incomplete.
#
#  Out of Memory Error (allocation.cpp:390), pid=23416, tid=23956
#
# JRE version: Java(TM) SE Runtime Environment (8.0_40-b25) (build 1.8.0_40-b25)
# Java VM: Java HotSpot(TM) 64-Bit Server VM (25.40-b25 mixed mode windows-amd64 compressed oops)
# Failed to write core dump. Minidumps are not enabled by default on client versions of Windows
#

---------------  T H R E A D  ---------------

Current thread (0x00000000150fd800):  JavaThread "C2 CompilerThread1" daemon [_thread_in_native, id=23956, stack(0x0000000016af0000,0x0000000016bf0000)]

Stack: [0x0000000016af0000,0x0000000016bf0000]
Native frames: (J=compiled Java code, j=interpreted, Vv=VM code, C=native code)
V  [jvm.dll+0x32b47a]


Current CompileTask:
C2:   2174  916       4       com.android.dx.ssa.SCCP::simulatePhi (169 bytes)


---------------  P R O C E S S  ---------------

Java Threads: ( => current thread )
  0x00000000168bf000 JavaThread "pool-1-thread-4" [_thread_in_Java, id=14920, stack(0x00000000172f0000,0x00000000173f0000)]
  0x00000000168bd800 JavaThread "pool-1-thread-3" [_thread_blocked, id=1044, stack(0x00000000171f0000,0x00000000172f0000)]
  0x00000000168bc000 JavaThread "pool-1-thread-2" [_thread_in_vm, id=18884, stack(0x00000000170f0000,0x00000000171f0000)]
  0x00000000168b9800 JavaThread "pool-2-thread-1" [_thread_blocked, id=21976, stack(0x0000000016ff0000,0x00000000170f0000)]
  0x00000000168b8800 JavaThread "pool-1-thread-1" [_thread_blocked, id=20520, stack(0x0000000016ef0000,0x0000000016ff0000)]
  0x0000000016751800 JavaThread "Service Thread" daemon [_thread_blocked, id=16640, stack(0x0000000016cf0000,0x0000000016df0000)]
  0x000000001674a800 JavaThread "C1 CompilerThread2" daemon [_thread_blocked, id=20504, stack(0x0000000016bf0000,0x0000000016cf0000)]
=>0x00000000150fd800 JavaThread "C2 CompilerThread1" daemon [_thread_in_native, id=23956, stack(0x0000000016af0000,0x0000000016bf0000)]
  0x00000000150fa000 JavaThread "C2 CompilerThread0" daemon [_thread_blocked, id=16760, stack(0x00000000165f0000,0x00000000166f0000)]
  0x00000000150ae800 JavaThread "Attach Listener" daemon [_thread_blocked, id=23824, stack(0x00000000164f0000,0x00000000165f0000)]
  0x00000000150ad800 JavaThread "Signal Dispatcher" daemon [_thread_blocked, id=4628, stack(0x00000000163f0000,0x00000000164f0000)]
  0x00000000029c0800 JavaThread "Finalizer" daemon [_thread_blocked, id=21296, stack(0x00000000162f0000,0x00000000163f0000)]
  0x00000000029bd800 JavaThread "Reference Handler" daemon [_thread_blocked, id=21708, stack(0x00000000161f0000,0x00000000162f0000)]
  0x00000000027cd800 JavaThread "main" [_thread_blocked, id=3268, stack(0x0000000002610000,0x0000000002710000)]

Other Threads:
  0x0000000015068800 VMThread [stack: 0x00000000160f0000,0x00000000161f0000] [id=1840]
  0x0000000016763000 WatcherThread [stack: 0x0000000016df0000,0x0000000016ef0000] [id=24244]

VM state:not at safepoint (normal execution)

VM Mutex/Monitor currently owned by a thread:  ([mutex/lock_event])
[0x00000000027cc990] Heap_lock - owner thread: 0x00000000168b8800

Heap:
 PSYoungGen      total 18432K, used 4781K [0x00000000eab00000, 0x00000000ebf80000, 0x0000000100000000)
  eden space 15872K, 14% used [0x00000000eab00000,0x00000000ead2bb30,0x00000000eba80000)
  from space 2560K, 99% used [0x00000000eba80000,0x00000000ebcffc98,0x00000000ebd00000)
  to   space 2560K, 0% used [0x00000000ebd00000,0x00000000ebd00000,0x00000000ebf80000)
 ParOldGen       total 42496K, used 2071K [0x00000000c0000000, 0x00000000c2980000, 0x00000000eab00000)
  object space 42496K, 4% used [0x00000000c0000000,0x00000000c0205e28,0x00000000c2980000)
 Metaspace       used 5768K, capacity 6768K, committed 7040K, reserved 1056768K
  class space    used 587K, capacity 616K, committed 640K, reserved 1048576K

Card table byte_map: [0x0000000011d90000,0x0000000011fa0000] byte_map_base: 0x0000000011790000

Marking Bits: (ParMarkBitMap*) 0x000000006dbc4040
 Begin Bits: [0x0000000012500000, 0x0000000013500000)
 End Bits:   [0x0000000013500000, 0x0000000014500000)

Polling page: 0x0000000000800000

CodeCache: size=245760Kb used=3717Kb max_used=3717Kb free=242042Kb
 bounds [0x00000000029d0000, 0x0000000002d80000, 0x00000000119d0000]
 total_blobs=1181 nmethods=912 adapters=182
 compilation: enabled

Compilation events (10 events):
Event: 2.167 Thread 0x000000001674a800 nmethod 905 0x0000000002d6c550 code [0x0000000002d6c740, 0x0000000002d6d278]
Event: 2.167 Thread 0x000000001674a800  909       3       com.android.dx.rop.code.BasicBlockList$RegCountVisitor::visitThrowingCstInsn (6 bytes)
Event: 2.168 Thread 0x000000001674a800 nmethod 909 0x0000000002d4f050 code [0x0000000002d4f1c0, 0x0000000002d4f348]
Event: 2.168 Thread 0x000000001674a800  903       3       com.android.dx.rop.type.StdTypeList::<init> (6 bytes)
Event: 2.168 Thread 0x000000001674a800 nmethod 903 0x0000000002d4dd50 code [0x0000000002d4dec0, 0x0000000002d4e048]
Event: 2.168 Thread 0x000000001674a800  906       3       com.android.dx.rop.code.RegisterSpec::getBasicFrameType (10 bytes)
Event: 2.168 Thread 0x000000001674a800 nmethod 906 0x0000000002d4d910 code [0x0000000002d4da80, 0x0000000002d4dca8]
Event: 2.168 Thread 0x000000001674a800  893       3       com.android.dx.cf.code.Frame::setImmutable (15 bytes)
Event: 2.168 Thread 0x000000001674a800 nmethod 893 0x0000000002d6d8d0 code [0x0000000002d6da40, 0x0000000002d6dd48]
Event: 2.168 Thread 0x000000001674a800  900       3       com.android.dx.rop.code.Rops::opMove (77 bytes)

GC Heap History (2 events):
Event: 2.127 GC heap before
{Heap before GC invocations=1 (full 0):
 PSYoungGen      total 18432K, used 15872K [0x00000000eab00000, 0x00000000ebf80000, 0x0000000100000000)
  eden space 15872K, 100% used [0x00000000eab00000,0x00000000eba80000,0x00000000eba80000)
  from space 2560K, 0% used [0x00000000ebd00000,0x00000000ebd00000,0x00000000ebf80000)
  to   space 2560K, 0% used [0x00000000eba80000,0x00000000eba80000,0x00000000ebd00000)
 ParOldGen       total 42496K, used 0K [0x00000000c0000000, 0x00000000c2980000, 0x00000000eab00000)
  object space 42496K, 0% used [0x00000000c0000000,0x00000000c0000000,0x00000000c2980000)
 Metaspace       used 5716K, capacity 6704K, committed 6784K, reserved 1056768K
  class space    used 586K, capacity 616K, committed 640K, reserved 1048576K
Event: 2.142 GC heap after
Heap after GC invocations=1 (full 0):
 PSYoungGen      total 18432K, used 2559K [0x00000000eab00000, 0x00000000ebf80000, 0x0000000100000000)
  eden space 15872K, 0% used [0x00000000eab00000,0x00000000eab00000,0x00000000eba80000)
  from space 2560K, 99% used [0x00000000eba80000,0x00000000ebcffc98,0x00000000ebd00000)
  to   space 2560K, 0% used [0x00000000ebd00000,0x00000000ebd00000,0x00000000ebf80000)
 ParOldGen       total 42496K, used 2071K [0x00000000c0000000, 0x00000000c2980000, 0x00000000eab00000)
  object space 42496K, 4% used [0x00000000c0000000,0x00000000c0205e28,0x00000000c2980000)
 Metaspace       used 5716K, capacity 6704K, committed 6784K, reserved 1056768K
  class space    used 586K, capacity 616K, committed 640K, reserved 1048576K
}

Deoptimization events (1 events):
Event: 1.172 Thread 0x00000000168b8800 Uncommon trap: reason=unstable_if action=reinterpret pc=0x0000000002bf69b0 method=java.util.BitSet.nextSetBit(I)I @ 87

Internal exceptions (2 events):
Event: 0.543 Thread 0x00000000027cd800 Exception <a 'java/lang/NoSuchMethodError': Method sun.misc.Unsafe.defineClass(Ljava/lang/String;[BII)Ljava/lang/Class; name or signature does not match> (0x00000000eab12ef8) thrown at [D:\re\workspace\8-2-build-windows-amd64-cygwin\jdk8u40\2855\hotspot\sr'{^ dá?
Event: 0.544 Thread 0x00000000027cd800 Exception <a 'java/lang/NoSuchMethodError': Method sun.misc.Unsafe.prefetchRead(Ljava/lang/Object;J)V name or signature does not match> (0x00000000eab13188) thrown at [D:\re\workspace\8-2-build-windows-amd64-cygwin\jdk8u40\2855\hotspot\src\share\vm\prims\j

Events (10 events):
Event: 1.182 loading class sun/nio/ch/Interruptible
Event: 1.182 loading class sun/nio/ch/Interruptible done
Event: 1.262 loading class java/util/ArrayList$1
Event: 1.262 loading class java/util/ArrayList$1 done
Event: 1.319 Executing VM operation: ForceSafepoint
Event: 1.392 Executing VM operation: ForceSafepoint done
Event: 1.455 Executing VM operation: ParallelGCFailedAllocation
Event: 2.142 Executing VM operation: ParallelGCFailedAllocation done
Event: 2.152 loading class com/android/dx/cf/code/BytecodeArray$ConstantParserVisitor
Event: 2.152 loading class com/android/dx/cf/code/BytecodeArray$ConstantParserVisitor done


Dynamic libraries:
0x00007ff69e650000 - 0x00007ff69e687000 	C:\Program Files\Java\jdk1.8.0_40\bin\java.exe
0x00007ffdab180000 - 0x00007ffdab351000 	C:\WINDOWS\SYSTEM32\ntdll.dll
0x00007ffda94a0000 - 0x00007ffda954b000 	C:\WINDOWS\System32\KERNEL32.DLL
0x00007ffda7670000 - 0x00007ffda788d000 	C:\WINDOWS\System32\KERNELBASE.dll
0x00007ffda93f0000 - 0x00007ffda9492000 	C:\WINDOWS\System32\ADVAPI32.dll
0x00007ffda8810000 - 0x00007ffda88ae000 	C:\WINDOWS\System32\msvcrt.dll
0x00007ffda9330000 - 0x00007ffda9389000 	C:\WINDOWS\System32\sechost.dll
0x00007ffda9200000 - 0x00007ffda9321000 	C:\WINDOWS\System32\RPCRT4.dll
0x00007ffda9550000 - 0x00007ffda96b5000 	C:\WINDOWS\System32\USER32.dll
0x00007ffda84e0000 - 0x00007ffda84fe000 	C:\WINDOWS\System32\win32u.dll
0x00007ffda9b60000 - 0x00007ffda9b94000 	C:\WINDOWS\System32\GDI32.dll
0x00007ffda8350000 - 0x00007ffda84d2000 	C:\WINDOWS\System32\gdi32full.dll
0x00007ffd9f1c0000 - 0x00007ffd9f439000 	C:\WINDOWS\WinSxS\amd64_microsoft.windows.common-controls_6595b64144ccf1df_6.0.14393.447_none_42191651c6827bb3\COMCTL32.dll
0x00007ffda8f20000 - 0x00007ffda91e8000 	C:\WINDOWS\System32\combase.dll
0x00007ffda8610000 - 0x00007ffda8705000 	C:\WINDOWS\System32\ucrtbase.dll
0x00007ffda8240000 - 0x00007ffda82aa000 	C:\WINDOWS\System32\bcryptPrimitives.dll
0x00007ffda89c0000 - 0x00007ffda89ee000 	C:\WINDOWS\System32\IMM32.DLL
0x000000006cfc0000 - 0x000000006d092000 	C:\Program Files\Java\jdk1.8.0_40\jre\bin\msvcr100.dll
0x000000006d3c0000 - 0x000000006dc43000 	C:\Program Files\Java\jdk1.8.0_40\jre\bin\server\jvm.dll
0x00007ffda91f0000 - 0x00007ffda91f8000 	C:\WINDOWS\System32\PSAPI.DLL
0x00007ffda4760000 - 0x00007ffda4769000 	C:\WINDOWS\SYSTEM32\WSOCK32.dll
0x00007ffda9af0000 - 0x00007ffda9b5a000 	C:\WINDOWS\System32\WS2_32.dll
0x00007ffda55c0000 - 0x00007ffda55e3000 	C:\WINDOWS\SYSTEM32\WINMM.dll
0x00007ffda0d50000 - 0x00007ffda0d5a000 	C:\WINDOWS\SYSTEM32\VERSION.dll
0x00007ffda5560000 - 0x00007ffda558b000 	C:\WINDOWS\SYSTEM32\WINMMBASE.dll
0x00007ffda81f0000 - 0x00007ffda8232000 	C:\WINDOWS\System32\cfgmgr32.dll
0x000000006e4e0000 - 0x000000006e4ef000 	C:\Program Files\Java\jdk1.8.0_40\jre\bin\verify.dll
0x000000006e4b0000 - 0x000000006e4d9000 	C:\Program Files\Java\jdk1.8.0_40\jre\bin\java.dll
0x000000006e430000 - 0x000000006e446000 	C:\Program Files\Java\jdk1.8.0_40\jre\bin\zip.dll
0x00007ffda9c70000 - 0x00007ffdab179000 	C:\WINDOWS\System32\SHELL32.dll
0x00007ffda7b10000 - 0x00007ffda81ea000 	C:\WINDOWS\System32\windows.storage.dll
0x00007ffda75f0000 - 0x00007ffda763c000 	C:\WINDOWS\System32\powrprof.dll
0x00007ffda8960000 - 0x00007ffda89b2000 	C:\WINDOWS\System32\shlwapi.dll
0x00007ffda7660000 - 0x00007ffda766f000 	C:\WINDOWS\System32\kernel.appcore.dll
0x00007ffda7890000 - 0x00007ffda7939000 	C:\WINDOWS\System32\shcore.dll
0x00007ffda7640000 - 0x00007ffda7654000 	C:\WINDOWS\System32\profapi.dll
0x00007ffda4530000 - 0x00007ffda46c2000 	C:\WINDOWS\SYSTEM32\dbghelp.dll

VM Arguments:
jvm_args: -Djava.awt.headless=true -Xmx1024M -Dfile.encoding=GBK -Duser.country=CN -Duser.language=zh -Duser.variant 
java_command: com.android.dx.command.Main --dex --force-jumbo --num-threads=4 --output D:\AndroidProject\MiniWeather\app\build\intermediates\pre-dexed\debug\instant-run_c80b3365d63f18358a742eb4db98048fa63faeca.jar D:\AndroidProject\MiniWeather\app\build\intermediates\incremental-runtime-classes\debug\instant-run.jar
java_class_path (initial): C:\Users\jinge\AppData\Local\Android\sdk\build-tools\23.0.3\lib\dx.jar
Launcher Type: SUN_STANDARD

Environment Variables:
JAVA_HOME=C:\Program Files\Java\jdk1.8.0_40
CLASSPATH=.;C:\Program Files\Java\jdk1.8.0_40\lib\tools.jar;C:\Program Files\Java\jdk1.8.0_40\lib\dt.jar;C:\Program Files\Java\jdk1.8.0_40\bin
PATH=C:\Program Files (x86)\Intel\iCLS Client\;C:\Program Files\Intel\iCLS Client\;C:\windows\system32;C:\windows;C:\windows\System32\Wbem;C:\windows\System32\WindowsPowerShell\v1.0\;C:\Program Files (x86)\Intel\Intel(R) Management Engine Components\DAL;C:\Program Files\Intel\Intel(R) Management Engine Components\DAL;C:\Program Files (x86)\Intel\Intel(R) Management Engine Components\IPT;C:\Program Files\Intel\Intel(R) Management Engine Components\IPT;C:\Program Files (x86)\NVIDIA Corporation\PhysX\Common;C:\Program Files\Intel\WiFi\bin\;C:\Program Files\Common Files\Intel\WirelessCommon\;D:\jdk1.7\bin;D:\jdk1.7\jre\bin;C:\Program Files\Java\jdk1.8.0_40\bin;C:\WINDOWS\system32;C:\WINDOWS;C:\WINDOWS\System32\Wbem;C:\WINDOWS\System32\WindowsPowerShell\v1.0\;D:\Git\cmd;C:\Program Files (x86)\IDM Computer Solutions\UltraEdit;C:\Users\jinge\AppData\Local\Programs\Python\Python35\Scripts\;C:\Users\jinge\AppData\Local\Programs\Python\Python35\;%USERPROFILE%\AppData\Local\Microsoft\WindowsApps;
USERNAME=jinge
OS=Windows_NT
PROCESSOR_IDENTIFIER=Intel64 Family 6 Model 94 Stepping 3, GenuineIntel



---------------  S Y S T E M  ---------------

OS: Windows 10.0 , 64 bit Build 14393 (10.0.14393.0)

CPU:total 4 (4 cores per cpu, 1 threads per core) family 6 model 94 stepping 3, cmov, cx8, fxsr, mmx, sse, sse2, sse3, ssse3, sse4.1, sse4.2, popcnt, avx, avx2, aes, clmul, erms, rtm, 3dnowpref, lzcnt, tsc, tscinvbit, bmi1, bmi2, adx

Memory: 4k page, physical 4029280k(55168k free), swap 16612192k(1100k free)

vm_info: Java HotSpot(TM) 64-Bit Server VM (25.40-b25) for windows-amd64 JRE (1.8.0_40-b25), built on Feb 10 2015 21:53:57 by "java_re" with MS VC++ 10.0 (VS2010)

time: Mon Dec 26 17:15:02 2016
elapsed time: 2 seconds (0d 0h 0m 2s)

