#
# There is insufficient memory for the Java Runtime Environment to continue.
# Native memory allocation (malloc) failed to allocate 401776 bytes for Chunk::new
# Possible reasons:
#   The system is out of physical RAM or swap space
#   In 32 bit mode, the process size limit was hit
# Possible solutions:
#   Reduce memory load on the system
#   Increase physical memory or swap space
#   Check if swap backing store is full
#   Use 64 bit Java on a 64 bit OS
#   Decrease Java heap size (-Xmx/-Xms)
#   Decrease number of Java threads
#   Decrease Java thread stack sizes (-Xss)
#   Set larger code cache with -XX:ReservedCodeCacheSize=
# This output file may be truncated or incomplete.
#
#  Out of Memory Error (allocation.cpp:390), pid=5544, tid=17716
#
# JRE version: Java(TM) SE Runtime Environment (8.0_40-b25) (build 1.8.0_40-b25)
# Java VM: Java HotSpot(TM) 64-Bit Server VM (25.40-b25 mixed mode windows-amd64 compressed oops)
# Failed to write core dump. Minidumps are not enabled by default on client versions of Windows
#

---------------  T H R E A D  ---------------

Current thread (0x000000001548a000):  JavaThread "C2 CompilerThread0" daemon [_thread_in_native, id=17716, stack(0x00000000169a0000,0x0000000016aa0000)]

Stack: [0x00000000169a0000,0x0000000016aa0000]
Native frames: (J=compiled Java code, j=interpreted, Vv=VM code, C=native code)
V  [jvm.dll+0x32b47a]


Current CompileTask:
C2:   3640 1080       4       com.android.dx.ssa.back.LivenessAnalyzer::handleTailRecursion (94 bytes)


---------------  P R O C E S S  ---------------

Java Threads: ( => current thread )
  0x0000000016c87800 JavaThread "pool-1-thread-4" [_thread_in_Java, id=22808, stack(0x00000000176a0000,0x00000000177a0000)]
  0x0000000016c86000 JavaThread "pool-1-thread-3" [_thread_blocked, id=13940, stack(0x00000000175a0000,0x00000000176a0000)]
  0x0000000016c85000 JavaThread "pool-1-thread-2" [_thread_blocked, id=21568, stack(0x00000000174a0000,0x00000000175a0000)]
  0x0000000016c84800 JavaThread "pool-2-thread-1" [_thread_blocked, id=7800, stack(0x00000000173a0000,0x00000000174a0000)]
  0x0000000016c81800 JavaThread "pool-1-thread-1" [_thread_in_vm, id=23732, stack(0x00000000172a0000,0x00000000173a0000)]
  0x0000000016afc000 JavaThread "Service Thread" daemon [_thread_blocked, id=5136, stack(0x00000000170a0000,0x00000000171a0000)]
  0x0000000016af7800 JavaThread "C1 CompilerThread2" daemon [_thread_in_native, id=21672, stack(0x0000000016fa0000,0x00000000170a0000)]
  0x0000000016af4800 JavaThread "C2 CompilerThread1" daemon [_thread_in_vm, id=19916, stack(0x0000000016ea0000,0x0000000016fa0000)]
=>0x000000001548a000 JavaThread "C2 CompilerThread0" daemon [_thread_in_native, id=17716, stack(0x00000000169a0000,0x0000000016aa0000)]
  0x000000001543e800 JavaThread "Attach Listener" daemon [_thread_blocked, id=21092, stack(0x00000000168a0000,0x00000000169a0000)]
  0x000000001543d800 JavaThread "Signal Dispatcher" daemon [_thread_blocked, id=13444, stack(0x00000000167a0000,0x00000000168a0000)]
  0x0000000002d50800 JavaThread "Finalizer" daemon [_thread_blocked, id=14376, stack(0x00000000166a0000,0x00000000167a0000)]
  0x0000000002d4d000 JavaThread "Reference Handler" daemon [_thread_blocked, id=14176, stack(0x00000000165a0000,0x00000000166a0000)]
  0x000000000276d800 JavaThread "main" [_thread_blocked, id=22140, stack(0x0000000002b60000,0x0000000002c60000)]

Other Threads:
  0x00000000153f8000 VMThread [stack: 0x00000000164a0000,0x00000000165a0000] [id=4444]
  0x0000000016b0d800 WatcherThread [stack: 0x00000000171a0000,0x00000000172a0000] [id=24124]

VM state:not at safepoint (normal execution)

VM Mutex/Monitor currently owned by a thread: None

Heap:
 PSYoungGen      total 18432K, used 6242K [0x00000000eab00000, 0x00000000ecf00000, 0x0000000100000000)
  eden space 15872K, 23% used [0x00000000eab00000,0x00000000eae9c000,0x00000000eba80000)
  from space 2560K, 99% used [0x00000000eba80000,0x00000000ebcfcaa8,0x00000000ebd00000)
  to   space 2560K, 0% used [0x00000000ecc80000,0x00000000ecc80000,0x00000000ecf00000)
 ParOldGen       total 42496K, used 1528K [0x00000000c0000000, 0x00000000c2980000, 0x00000000eab00000)
  object space 42496K, 3% used [0x00000000c0000000,0x00000000c017e1b0,0x00000000c2980000)
 Metaspace       used 5842K, capacity 6768K, committed 7040K, reserved 1056768K
  class space    used 587K, capacity 616K, committed 640K, reserved 1048576K

Card table byte_map: [0x0000000012120000,0x0000000012330000] byte_map_base: 0x0000000011b20000

Marking Bits: (ParMarkBitMap*) 0x000000006dbc4040
 Begin Bits: [0x0000000012890000, 0x0000000013890000)
 End Bits:   [0x0000000013890000, 0x0000000014890000)

Polling page: 0x0000000002730000

CodeCache: size=245760Kb used=4308Kb max_used=4308Kb free=241451Kb
 bounds [0x0000000002d60000, 0x00000000031a0000, 0x0000000011d60000]
 total_blobs=1369 nmethods=1100 adapters=182
 compilation: enabled

Compilation events (10 events):
Event: 3.631 Thread 0x0000000016af7800 1091       1       com.android.dx.cf.code.BasicBlocker::setPreviousOffset (6 bytes)
Event: 3.631 Thread 0x0000000016af7800 nmethod 1091 0x000000000317dfd0 code [0x000000000317e120, 0x000000000317e230]
Event: 3.631 Thread 0x0000000016af7800 1092       3       com.android.dx.ssa.SCCP::run (298 bytes)
Event: 3.632 Thread 0x0000000016af4800 nmethod 1079 0x0000000003181d50 code [0x0000000003181f00, 0x0000000003182c48]
Event: 3.632 Thread 0x0000000016af7800 nmethod 1092 0x00000000031839d0 code [0x0000000003183dc0, 0x0000000003185e88]
Event: 3.632 Thread 0x0000000016af4800 1090       4       com.android.dx.rop.cst.Constant::compareTo (9 bytes)
Event: 3.633 Thread 0x0000000016af7800 1093       3       com.android.dx.ssa.SsaConverter::placePhiFunctions (394 bytes)
Event: 3.633 Thread 0x0000000016af4800 nmethod 1090 0x000000000317c710 code [0x000000000317c860, 0x000000000317c958]
Event: 3.634 Thread 0x0000000016af4800 1097   !   4       com.android.dx.ssa.BasicRegisterMapper::map (44 bytes)
Event: 3.635 Thread 0x0000000016af4800 nmethod 1097 0x00000000031800d0 code [0x0000000003180220, 0x0000000003180368]

GC Heap History (2 events):
Event: 3.419 GC heap before
{Heap before GC invocations=1 (full 0):
 PSYoungGen      total 18432K, used 15872K [0x00000000eab00000, 0x00000000ebf80000, 0x0000000100000000)
  eden space 15872K, 100% used [0x00000000eab00000,0x00000000eba80000,0x00000000eba80000)
  from space 2560K, 0% used [0x00000000ebd00000,0x00000000ebd00000,0x00000000ebf80000)
  to   space 2560K, 0% used [0x00000000eba80000,0x00000000eba80000,0x00000000ebd00000)
 ParOldGen       total 42496K, used 0K [0x00000000c0000000, 0x00000000c2980000, 0x00000000eab00000)
  object space 42496K, 0% used [0x00000000c0000000,0x00000000c0000000,0x00000000c2980000)
 Metaspace       used 5757K, capacity 6704K, committed 6784K, reserved 1056768K
  class space    used 586K, capacity 616K, committed 640K, reserved 1048576K
Event: 3.474 GC heap after
Heap after GC invocations=1 (full 0):
 PSYoungGen      total 18432K, used 2546K [0x00000000eab00000, 0x00000000ecf00000, 0x0000000100000000)
  eden space 15872K, 0% used [0x00000000eab00000,0x00000000eab00000,0x00000000eba80000)
  from space 2560K, 99% used [0x00000000eba80000,0x00000000ebcfcaa8,0x00000000ebd00000)
  to   space 2560K, 0% used [0x00000000ecc80000,0x00000000ecc80000,0x00000000ecf00000)
 ParOldGen       total 42496K, used 1528K [0x00000000c0000000, 0x00000000c2980000, 0x00000000eab00000)
  object space 42496K, 3% used [0x00000000c0000000,0x00000000c017e1b0,0x00000000c2980000)
 Metaspace       used 5757K, capacity 6704K, committed 6784K, reserved 1056768K
  class space    used 586K, capacity 616K, committed 640K, reserved 1048576K
}

Deoptimization events (5 events):
Event: 1.233 Thread 0x000000000276d800 Uncommon trap: reason=unstable_if action=reinterpret pc=0x0000000002eabc18 method=java.lang.String.indexOf(II)I @ 49
Event: 1.977 Thread 0x000000000276d800 Uncommon trap: reason=unstable_if action=reinterpret pc=0x0000000002f84330 method=java.util.HashMap.getNode(ILjava/lang/Object;)Ljava/util/HashMap$Node; @ 62
Event: 2.240 Thread 0x000000000276d800 Uncommon trap: reason=unstable_if action=reinterpret pc=0x000000000306c354 method=java.util.HashMap.getNode(ILjava/lang/Object;)Ljava/util/HashMap$Node; @ 129
Event: 3.397 Thread 0x000000000276d800 Uncommon trap: reason=unstable_if action=reinterpret pc=0x0000000002fa7df0 method=java.util.BitSet.nextSetBit(I)I @ 87
Event: 3.586 Thread 0x0000000016c81800 Uncommon trap: reason=bimorphic action=maybe_recompile pc=0x0000000003092e68 method=java.util.HashMap.getNode(ILjava/lang/Object;)Ljava/util/HashMap$Node; @ 126

Internal exceptions (2 events):
Event: 0.191 Thread 0x000000000276d800 Exception <a 'java/lang/NoSuchMethodError': Method sun.misc.Unsafe.defineClass(Ljava/lang/String;[BII)Ljava/lang/Class; name or signature does not match> (0x00000000eab12ef8) thrown at [D:\re\workspace\8-2-build-windows-amd64-cygwin\jdk8u40\2855\hotspot\sr¯øÂ³fÈ?
Event: 0.191 Thread 0x000000000276d800 Exception <a 'java/lang/NoSuchMethodError': Method sun.misc.Unsafe.prefetchRead(Ljava/lang/Object;J)V name or signature does not match> (0x00000000eab13188) thrown at [D:\re\workspace\8-2-build-windows-amd64-cygwin\jdk8u40\2855\hotspot\src\share\vm\prims\j

Events (10 events):
Event: 3.397 Thread 0x000000000276d800 Uncommon trap: trap_request=0xffffff65 fr.pc=0x0000000002fa7df0
Event: 3.397 Thread 0x000000000276d800 DEOPT PACKING pc=0x0000000002fa7df0 sp=0x0000000002c5e190
Event: 3.397 Thread 0x000000000276d800 DEOPT UNPACKING pc=0x0000000002da582a sp=0x0000000002c5e128 mode 2
Event: 3.419 Executing VM operation: ParallelGCFailedAllocation
Event: 3.474 Executing VM operation: ParallelGCFailedAllocation done
Event: 3.586 Thread 0x0000000016c81800 Uncommon trap: trap_request=0xffffffc6 fr.pc=0x0000000003092e68
Event: 3.586 Thread 0x0000000016c81800 DEOPT PACKING pc=0x0000000003092e68 sp=0x000000001739e8d0
Event: 3.586 Thread 0x0000000016c81800 DEOPT UNPACKING pc=0x0000000002da582a sp=0x000000001739e7f8 mode 2
Event: 3.603 loading class com/android/dx/cf/code/SwitchList
Event: 3.603 loading class com/android/dx/cf/code/SwitchList done


Dynamic libraries:
0x00007ff69e650000 - 0x00007ff69e687000 	C:\Program Files\Java\jdk1.8.0_40\bin\java.exe
0x00007ffdab180000 - 0x00007ffdab351000 	C:\WINDOWS\SYSTEM32\ntdll.dll
0x00007ffda94a0000 - 0x00007ffda954b000 	C:\WINDOWS\System32\KERNEL32.DLL
0x00007ffda7670000 - 0x00007ffda788d000 	C:\WINDOWS\System32\KERNELBASE.dll
0x00007ffda93f0000 - 0x00007ffda9492000 	C:\WINDOWS\System32\ADVAPI32.dll
0x00007ffda8810000 - 0x00007ffda88ae000 	C:\WINDOWS\System32\msvcrt.dll
0x00007ffda9330000 - 0x00007ffda9389000 	C:\WINDOWS\System32\sechost.dll
0x00007ffda9200000 - 0x00007ffda9321000 	C:\WINDOWS\System32\RPCRT4.dll
0x00007ffda9550000 - 0x00007ffda96b5000 	C:\WINDOWS\System32\USER32.dll
0x00007ffda84e0000 - 0x00007ffda84fe000 	C:\WINDOWS\System32\win32u.dll
0x00007ffda9b60000 - 0x00007ffda9b94000 	C:\WINDOWS\System32\GDI32.dll
0x00007ffda8350000 - 0x00007ffda84d2000 	C:\WINDOWS\System32\gdi32full.dll
0x00007ffd9f1c0000 - 0x00007ffd9f439000 	C:\WINDOWS\WinSxS\amd64_microsoft.windows.common-controls_6595b64144ccf1df_6.0.14393.447_none_42191651c6827bb3\COMCTL32.dll
0x00007ffda8f20000 - 0x00007ffda91e8000 	C:\WINDOWS\System32\combase.dll
0x00007ffda8610000 - 0x00007ffda8705000 	C:\WINDOWS\System32\ucrtbase.dll
0x00007ffda8240000 - 0x00007ffda82aa000 	C:\WINDOWS\System32\bcryptPrimitives.dll
0x00007ffda89c0000 - 0x00007ffda89ee000 	C:\WINDOWS\System32\IMM32.DLL
0x000000006cfc0000 - 0x000000006d092000 	C:\Program Files\Java\jdk1.8.0_40\jre\bin\msvcr100.dll
0x000000006d3c0000 - 0x000000006dc43000 	C:\Program Files\Java\jdk1.8.0_40\jre\bin\server\jvm.dll
0x00007ffda91f0000 - 0x00007ffda91f8000 	C:\WINDOWS\System32\PSAPI.DLL
0x00007ffda4760000 - 0x00007ffda4769000 	C:\WINDOWS\SYSTEM32\WSOCK32.dll
0x00007ffda9af0000 - 0x00007ffda9b5a000 	C:\WINDOWS\System32\WS2_32.dll
0x00007ffda55c0000 - 0x00007ffda55e3000 	C:\WINDOWS\SYSTEM32\WINMM.dll
0x00007ffda0d50000 - 0x00007ffda0d5a000 	C:\WINDOWS\SYSTEM32\VERSION.dll
0x00007ffda5560000 - 0x00007ffda558b000 	C:\WINDOWS\SYSTEM32\WINMMBASE.dll
0x00007ffda81f0000 - 0x00007ffda8232000 	C:\WINDOWS\System32\cfgmgr32.dll
0x000000006e4e0000 - 0x000000006e4ef000 	C:\Program Files\Java\jdk1.8.0_40\jre\bin\verify.dll
0x000000006e4b0000 - 0x000000006e4d9000 	C:\Program Files\Java\jdk1.8.0_40\jre\bin\java.dll
0x000000006e430000 - 0x000000006e446000 	C:\Program Files\Java\jdk1.8.0_40\jre\bin\zip.dll
0x00007ffda9c70000 - 0x00007ffdab179000 	C:\WINDOWS\System32\SHELL32.dll
0x00007ffda7b10000 - 0x00007ffda81ea000 	C:\WINDOWS\System32\windows.storage.dll
0x00007ffda75f0000 - 0x00007ffda763c000 	C:\WINDOWS\System32\powrprof.dll
0x00007ffda8960000 - 0x00007ffda89b2000 	C:\WINDOWS\System32\shlwapi.dll
0x00007ffda7660000 - 0x00007ffda766f000 	C:\WINDOWS\System32\kernel.appcore.dll
0x00007ffda7890000 - 0x00007ffda7939000 	C:\WINDOWS\System32\shcore.dll
0x00007ffda7640000 - 0x00007ffda7654000 	C:\WINDOWS\System32\profapi.dll
0x00007ffda4530000 - 0x00007ffda46c2000 	C:\WINDOWS\SYSTEM32\dbghelp.dll

VM Arguments:
jvm_args: -Djava.awt.headless=true -Xmx1024M -Dfile.encoding=GBK -Duser.country=CN -Duser.language=zh -Duser.variant 
java_command: com.android.dx.command.Main --dex --force-jumbo --num-threads=4 --output D:\AndroidProject\MiniWeather\app\build\intermediates\pre-dexed\debug\com.google.android.gms-play-services-appindexing-8.1.0_b164186fbef113c5880f3988c7ff77bd4652b67f.jar D:\AndroidProject\MiniWeather\app\build\intermediates\exploded-aar\com.google.android.gms\play-services-appindexing\8.1.0\jars\classes.jar
java_class_path (initial): C:\Users\jinge\AppData\Local\Android\sdk\build-tools\23.0.3\lib\dx.jar
Launcher Type: SUN_STANDARD

Environment Variables:
JAVA_HOME=C:\Program Files\Java\jdk1.8.0_40
CLASSPATH=.;C:\Program Files\Java\jdk1.8.0_40\lib\tools.jar;C:\Program Files\Java\jdk1.8.0_40\lib\dt.jar;C:\Program Files\Java\jdk1.8.0_40\bin
PATH=C:\Program Files (x86)\Intel\iCLS Client\;C:\Program Files\Intel\iCLS Client\;C:\windows\system32;C:\windows;C:\windows\System32\Wbem;C:\windows\System32\WindowsPowerShell\v1.0\;C:\Program Files (x86)\Intel\Intel(R) Management Engine Components\DAL;C:\Program Files\Intel\Intel(R) Management Engine Components\DAL;C:\Program Files (x86)\Intel\Intel(R) Management Engine Components\IPT;C:\Program Files\Intel\Intel(R) Management Engine Components\IPT;C:\Program Files (x86)\NVIDIA Corporation\PhysX\Common;C:\Program Files\Intel\WiFi\bin\;C:\Program Files\Common Files\Intel\WirelessCommon\;D:\jdk1.7\bin;D:\jdk1.7\jre\bin;C:\Program Files\Java\jdk1.8.0_40\bin;C:\WINDOWS\system32;C:\WINDOWS;C:\WINDOWS\System32\Wbem;C:\WINDOWS\System32\WindowsPowerShell\v1.0\;D:\Git\cmd;C:\Program Files (x86)\IDM Computer Solutions\UltraEdit;C:\Users\jinge\AppData\Local\Programs\Python\Python35\Scripts\;C:\Users\jinge\AppData\Local\Programs\Python\Python35\;%USERPROFILE%\AppData\Local\Microsoft\WindowsApps;
USERNAME=jinge
OS=Windows_NT
PROCESSOR_IDENTIFIER=Intel64 Family 6 Model 94 Stepping 3, GenuineIntel



---------------  S Y S T E M  ---------------

OS: Windows 10.0 , 64 bit Build 14393 (10.0.14393.0)

CPU:total 4 (4 cores per cpu, 1 threads per core) family 6 model 94 stepping 3, cmov, cx8, fxsr, mmx, sse, sse2, sse3, ssse3, sse4.1, sse4.2, popcnt, avx, avx2, aes, clmul, erms, rtm, 3dnowpref, lzcnt, tsc, tscinvbit, bmi1, bmi2, adx

Memory: 4k page, physical 4029280k(171288k free), swap 16612192k(2800k free)

vm_info: Java HotSpot(TM) 64-Bit Server VM (25.40-b25) for windows-amd64 JRE (1.8.0_40-b25), built on Feb 10 2015 21:53:57 by "java_re" with MS VC++ 10.0 (VS2010)

time: Mon Dec 26 17:12:16 2016
elapsed time: 3 seconds (0d 0h 0m 3s)

