#
# There is insufficient memory for the Java Runtime Environment to continue.
# Native memory allocation (malloc) failed to allocate 295536 bytes for Chunk::new
# Possible reasons:
#   The system is out of physical RAM or swap space
#   In 32 bit mode, the process size limit was hit
# Possible solutions:
#   Reduce memory load on the system
#   Increase physical memory or swap space
#   Check if swap backing store is full
#   Use 64 bit Java on a 64 bit OS
#   Decrease Java heap size (-Xmx/-Xms)
#   Decrease number of Java threads
#   Decrease Java thread stack sizes (-Xss)
#   Set larger code cache with -XX:ReservedCodeCacheSize=
# This output file may be truncated or incomplete.
#
#  Out of Memory Error (allocation.cpp:390), pid=15704, tid=22332
#
# JRE version: Java(TM) SE Runtime Environment (8.0_40-b25) (build 1.8.0_40-b25)
# Java VM: Java HotSpot(TM) 64-Bit Server VM (25.40-b25 mixed mode windows-amd64 compressed oops)
# Failed to write core dump. Minidumps are not enabled by default on client versions of Windows
#

---------------  T H R E A D  ---------------

Current thread (0x0000000016514800):  JavaThread "C2 CompilerThread1" daemon [_thread_in_native, id=22332, stack(0x00000000168c0000,0x00000000169c0000)]

Stack: [0x00000000168c0000,0x00000000169c0000]
Native frames: (J=compiled Java code, j=interpreted, Vv=VM code, C=native code)
V  [jvm.dll+0x32b47a]


Current CompileTask:
C2:   7996 1841       4       com.android.dx.rop.code.LocalVariableInfo::mergeStarts (75 bytes)


---------------  P R O C E S S  ---------------

Java Threads: ( => current thread )
  0x000000001671a000 JavaThread "pool-1-thread-4" [_thread_in_vm, id=6784, stack(0x00000000170c0000,0x00000000171c0000)]
  0x000000001662f800 JavaThread "pool-2-thread-1" [_thread_blocked, id=3888, stack(0x0000000016dc0000,0x0000000016ec0000)]
  0x000000001651c000 JavaThread "Service Thread" daemon [_thread_blocked, id=17132, stack(0x0000000016ac0000,0x0000000016bc0000)]
  0x0000000016517000 JavaThread "C1 CompilerThread2" daemon [_thread_blocked, id=21068, stack(0x00000000169c0000,0x0000000016ac0000)]
=>0x0000000016514800 JavaThread "C2 CompilerThread1" daemon [_thread_in_native, id=22332, stack(0x00000000168c0000,0x00000000169c0000)]
  0x0000000014e5f800 JavaThread "C2 CompilerThread0" daemon [_thread_in_native, id=19140, stack(0x00000000163c0000,0x00000000164c0000)]
  0x0000000014e5e000 JavaThread "Attach Listener" daemon [_thread_blocked, id=15992, stack(0x00000000162c0000,0x00000000163c0000)]
  0x0000000014e5d000 JavaThread "Signal Dispatcher" daemon [_thread_blocked, id=23424, stack(0x00000000161c0000,0x00000000162c0000)]
  0x0000000002770800 JavaThread "Finalizer" daemon [_thread_blocked, id=22644, stack(0x00000000160c0000,0x00000000161c0000)]
  0x000000000276d800 JavaThread "Reference Handler" daemon [_thread_blocked, id=23980, stack(0x0000000015fc0000,0x00000000160c0000)]
  0x00000000022dd800 JavaThread "main" [_thread_blocked, id=21456, stack(0x00000000021b0000,0x00000000022b0000)]

Other Threads:
  0x0000000014e18800 VMThread [stack: 0x0000000015ec0000,0x0000000015fc0000] [id=13616]
  0x000000001651d000 WatcherThread [stack: 0x0000000016bc0000,0x0000000016cc0000] [id=20892]

VM state:not at safepoint (normal execution)

VM Mutex/Monitor currently owned by a thread: None

Heap:
 PSYoungGen      total 133120K, used 32531K [0x00000000eab00000, 0x00000000f4a00000, 0x0000000100000000)
  eden space 111104K, 18% used [0x00000000eab00000,0x00000000ebec0770,0x00000000f1780000)
  from space 22016K, 55% used [0x00000000f1780000,0x00000000f2384750,0x00000000f2d00000)
  to   space 21504K, 0% used [0x00000000f3500000,0x00000000f3500000,0x00000000f4a00000)
 ParOldGen       total 75776K, used 29075K [0x00000000c0000000, 0x00000000c4a00000, 0x00000000eab00000)
  object space 75776K, 38% used [0x00000000c0000000,0x00000000c1c64c20,0x00000000c4a00000)
 Metaspace       used 6092K, capacity 7024K, committed 7296K, reserved 1056768K
  class space    used 590K, capacity 616K, committed 640K, reserved 1048576K

Card table byte_map: [0x0000000011b40000,0x0000000011d50000] byte_map_base: 0x0000000011540000

Marking Bits: (ParMarkBitMap*) 0x000000006dbc4040
 Begin Bits: [0x00000000122b0000, 0x00000000132b0000)
 End Bits:   [0x00000000132b0000, 0x00000000142b0000)

Polling page: 0x0000000000670000

CodeCache: size=245760Kb used=8260Kb max_used=8270Kb free=237499Kb
 bounds [0x0000000002780000, 0x0000000002fa0000, 0x0000000011780000]
 total_blobs=2062 nmethods=1793 adapters=182
 compilation: enabled

Compilation events (10 events):
Event: 7.953 Thread 0x0000000014e5f800 nmethod 1838 0x0000000002f85950 code [0x0000000002f85ae0, 0x0000000002f863d0]
Event: 7.953 Thread 0x0000000014e5f800 1839   !   4       com.android.dx.rop.code.LocalVariableInfo::setStarts (40 bytes)
Event: 7.954 Thread 0x0000000014e5f800 nmethod 1839 0x0000000002f80210 code [0x0000000002f80360, 0x0000000002f80458]
Event: 7.956 Thread 0x0000000014e5f800 1842       4       com.android.dx.rop.code.LocalItem::compareTo (32 bytes)
Event: 7.958 Thread 0x0000000014e5f800 nmethod 1842 0x0000000002f85190 code [0x0000000002f852e0, 0x0000000002f85658]
Event: 7.958 Thread 0x0000000014e5f800 1843       4       com.android.dx.rop.code.PlainCstInsn::accept (8 bytes)
Event: 7.958 Thread 0x0000000016517000 1844       3       com.android.dx.dex.code.VariableSizeInsn::<init> (10 bytes)
Event: 7.958 Thread 0x0000000016517000 nmethod 1844 0x0000000002f6e550 code [0x0000000002f6e6c0, 0x0000000002f6e868]
Event: 7.958 Thread 0x0000000014e5f800 nmethod 1843 0x0000000002f48150 code [0x0000000002f48280, 0x0000000002f482f8]
Event: 7.958 Thread 0x0000000014e5f800 1845       4       com.android.dx.dex.code.CstInsn::<init> (39 bytes)

GC Heap History (10 events):
Event: 2.761 GC heap before
{Heap before GC invocations=4 (full 0):
 PSYoungGen      total 34304K, used 34295K [0x00000000eab00000, 0x00000000eee00000, 0x0000000100000000)
  eden space 31744K, 100% used [0x00000000eab00000,0x00000000eca00000,0x00000000eca00000)
  from space 2560K, 99% used [0x00000000eca00000,0x00000000ecc7dff8,0x00000000ecc80000)
  to   space 2560K, 0% used [0x00000000eeb80000,0x00000000eeb80000,0x00000000eee00000)
 ParOldGen       total 42496K, used 10664K [0x00000000c0000000, 0x00000000c2980000, 0x00000000eab00000)
  object space 42496K, 25% used [0x00000000c0000000,0x00000000c0a6a110,0x00000000c2980000)
 Metaspace       used 5988K, capacity 6960K, committed 7040K, reserved 1056768K
  class space    used 587K, capacity 616K, committed 640K, reserved 1048576K
Event: 2.867 GC heap after
Heap after GC invocations=4 (full 0):
 PSYoungGen      total 66048K, used 2550K [0x00000000eab00000, 0x00000000eee00000, 0x0000000100000000)
  eden space 63488K, 0% used [0x00000000eab00000,0x00000000eab00000,0x00000000ee900000)
  from space 2560K, 99% used [0x00000000eeb80000,0x00000000eedfda70,0x00000000eee00000)
  to   space 2560K, 0% used [0x00000000ee900000,0x00000000ee900000,0x00000000eeb80000)
 ParOldGen       total 42496K, used 21085K [0x00000000c0000000, 0x00000000c2980000, 0x00000000eab00000)
  object space 42496K, 49% used [0x00000000c0000000,0x00000000c1497530,0x00000000c2980000)
 Metaspace       used 5988K, capacity 6960K, committed 7040K, reserved 1056768K
  class space    used 587K, capacity 616K, committed 640K, reserved 1048576K
}
Event: 3.799 GC heap before
{Heap before GC invocations=5 (full 0):
 PSYoungGen      total 66048K, used 66038K [0x00000000eab00000, 0x00000000eee00000, 0x0000000100000000)
  eden space 63488K, 100% used [0x00000000eab00000,0x00000000ee900000,0x00000000ee900000)
  from space 2560K, 99% used [0x00000000eeb80000,0x00000000eedfda70,0x00000000eee00000)
  to   space 2560K, 0% used [0x00000000ee900000,0x00000000ee900000,0x00000000eeb80000)
 ParOldGen       total 42496K, used 21085K [0x00000000c0000000, 0x00000000c2980000, 0x00000000eab00000)
  object space 42496K, 49% used [0x00000000c0000000,0x00000000c1497530,0x00000000c2980000)
 Metaspace       used 6021K, capacity 7024K, committed 7296K, reserved 1056768K
  class space    used 588K, capacity 616K, committed 640K, reserved 1048576K
Event: 3.852 GC heap after
Heap after GC invocations=5 (full 0):
 PSYoungGen      total 66048K, used 2551K [0x00000000eab00000, 0x00000000f5300000, 0x0000000100000000)
  eden space 63488K, 0% used [0x00000000eab00000,0x00000000eab00000,0x00000000ee900000)
  from space 2560K, 99% used [0x00000000ee900000,0x00000000eeb7dfe8,0x00000000eeb80000)
  to   space 22528K, 0% used [0x00000000f3d00000,0x00000000f3d00000,0x00000000f5300000)
 ParOldGen       total 42496K, used 40384K [0x00000000c0000000, 0x00000000c2980000, 0x00000000eab00000)
  object space 42496K, 95% used [0x00000000c0000000,0x00000000c27703c8,0x00000000c2980000)
 Metaspace       used 6021K, capacity 7024K, committed 7296K, reserved 1056768K
  class space    used 588K, capacity 616K, committed 640K, reserved 1048576K
}
Event: 3.852 GC heap before
{Heap before GC invocations=6 (full 1):
 PSYoungGen      total 66048K, used 2551K [0x00000000eab00000, 0x00000000f5300000, 0x0000000100000000)
  eden space 63488K, 0% used [0x00000000eab00000,0x00000000eab00000,0x00000000ee900000)
  from space 2560K, 99% used [0x00000000ee900000,0x00000000eeb7dfe8,0x00000000eeb80000)
  to   space 22528K, 0% used [0x00000000f3d00000,0x00000000f3d00000,0x00000000f5300000)
 ParOldGen       total 42496K, used 40384K [0x00000000c0000000, 0x00000000c2980000, 0x00000000eab00000)
  object space 42496K, 95% used [0x00000000c0000000,0x00000000c27703c8,0x00000000c2980000)
 Metaspace       used 6021K, capacity 7024K, committed 7296K, reserved 1056768K
  class space    used 588K, capacity 616K, committed 640K, reserved 1048576K
Event: 4.502 GC heap after
Heap after GC invocations=6 (full 1):
 PSYoungGen      total 66048K, used 0K [0x00000000eab00000, 0x00000000f5300000, 0x0000000100000000)
  eden space 63488K, 0% used [0x00000000eab00000,0x00000000eab00000,0x00000000ee900000)
  from space 2560K, 0% used [0x00000000ee900000,0x00000000ee900000,0x00000000eeb80000)
  to   space 22528K, 0% used [0x00000000f3d00000,0x00000000f3d00000,0x00000000f5300000)
 ParOldGen       total 75776K, used 29075K [0x00000000c0000000, 0x00000000c4a00000, 0x00000000eab00000)
  object space 75776K, 38% used [0x00000000c0000000,0x00000000c1c64c20,0x00000000c4a00000)
 Metaspace       used 6021K, capacity 7024K, committed 7296K, reserved 1056768K
  class space    used 588K, capacity 616K, committed 640K, reserved 1048576K
}
Event: 5.645 GC heap before
{Heap before GC invocations=7 (full 1):
 PSYoungGen      total 66048K, used 63488K [0x00000000eab00000, 0x00000000f5300000, 0x0000000100000000)
  eden space 63488K, 100% used [0x00000000eab00000,0x00000000ee900000,0x00000000ee900000)
  from space 2560K, 0% used [0x00000000ee900000,0x00000000ee900000,0x00000000eeb80000)
  to   space 22528K, 0% used [0x00000000f3d00000,0x00000000f3d00000,0x00000000f5300000)
 ParOldGen       total 75776K, used 29075K [0x00000000c0000000, 0x00000000c4a00000, 0x00000000eab00000)
  object space 75776K, 38% used [0x00000000c0000000,0x00000000c1c64c20,0x00000000c4a00000)
 Metaspace       used 6088K, capacity 7024K, committed 7296K, reserved 1056768K
  class space    used 590K, capacity 616K, committed 640K, reserved 1048576K
Event: 5.906 GC heap after
Heap after GC invocations=7 (full 1):
 PSYoungGen      total 93696K, used 5400K [0x00000000eab00000, 0x00000000f4280000, 0x0000000100000000)
  eden space 88064K, 0% used [0x00000000eab00000,0x00000000eab00000,0x00000000f0100000)
  from space 5632K, 95% used [0x00000000f3d00000,0x00000000f42460c0,0x00000000f4280000)
  to   space 22016K, 0% used [0x00000000f1780000,0x00000000f1780000,0x00000000f2d00000)
 ParOldGen       total 75776K, used 29075K [0x00000000c0000000, 0x00000000c4a00000, 0x00000000eab00000)
  object space 75776K, 38% used [0x00000000c0000000,0x00000000c1c64c20,0x00000000c4a00000)
 Metaspace       used 6088K, capacity 7024K, committed 7296K, reserved 1056768K
  class space    used 590K, capacity 616K, committed 640K, reserved 1048576K
}
Event: 7.328 GC heap before
{Heap before GC invocations=8 (full 1):
 PSYoungGen      total 93696K, used 93464K [0x00000000eab00000, 0x00000000f4280000, 0x0000000100000000)
  eden space 88064K, 100% used [0x00000000eab00000,0x00000000f0100000,0x00000000f0100000)
  from space 5632K, 95% used [0x00000000f3d00000,0x00000000f42460c0,0x00000000f4280000)
  to   space 22016K, 0% used [0x00000000f1780000,0x00000000f1780000,0x00000000f2d00000)
 ParOldGen       total 75776K, used 29075K [0x00000000c0000000, 0x00000000c4a00000, 0x00000000eab00000)
  object space 75776K, 38% used [0x00000000c0000000,0x00000000c1c64c20,0x00000000c4a00000)
 Metaspace       used 6091K, capacity 7024K, committed 7296K, reserved 1056768K
  class space    used 590K, capacity 616K, committed 640K, reserved 1048576K
Event: 7.620 GC heap after
Heap after GC invocations=8 (full 1):
 PSYoungGen      total 133120K, used 12305K [0x00000000eab00000, 0x00000000f4a00000, 0x0000000100000000)
  eden space 111104K, 0% used [0x00000000eab00000,0x00000000eab00000,0x00000000f1780000)
  from space 22016K, 55% used [0x00000000f1780000,0x00000000f2384750,0x00000000f2d00000)
  to   space 21504K, 0% used [0x00000000f3500000,0x00000000f3500000,0x00000000f4a00000)
 ParOldGen       total 75776K, used 29075K [0x00000000c0000000, 0x00000000c4a00000, 0x00000000eab00000)
  object space 75776K, 38% used [0x00000000c0000000,0x00000000c1c64c20,0x00000000c4a00000)
 Metaspace       used 6091K, capacity 7024K, committed 7296K, reserved 1056768K
  class space    used 590K, capacity 616K, committed 640K, reserved 1048576K
}

Deoptimization events (10 events):
Event: 4.638 Thread 0x0000000016718800 Uncommon trap: reason=bimorphic action=maybe_recompile pc=0x0000000002e1ffa4 method=com.android.dx.cf.code.Merger.mergeType(Lcom/android/dx/rop/type/TypeBearer;Lcom/android/dx/rop/type/TypeBearer;)Lcom/android/dx/rop/type/TypeBearer; @ 6
Event: 4.643 Thread 0x000000001662e800 Uncommon trap: reason=bimorphic action=maybe_recompile pc=0x0000000002e1ffa4 method=com.android.dx.cf.code.Merger.mergeType(Lcom/android/dx/rop/type/TypeBearer;Lcom/android/dx/rop/type/TypeBearer;)Lcom/android/dx/rop/type/TypeBearer; @ 6
Event: 6.163 Thread 0x000000001671a000 Uncommon trap: reason=unstable_if action=reinterpret pc=0x0000000002e37154 method=com.android.dx.util.BitIntSet.has(I)Z @ 8
Event: 6.164 Thread 0x000000001671a000 Uncommon trap: reason=unstable_if action=reinterpret pc=0x0000000002e422bc method=com.android.dx.util.BitIntSet.has(I)Z @ 8
Event: 6.281 Thread 0x000000001671a000 Uncommon trap: reason=unstable_if action=reinterpret pc=0x0000000002e8d4a0 method=com.android.dx.ssa.back.IdenticalBlockCombiner.process()Lcom/android/dx/rop/code/RopMethod; @ 207
Event: 6.284 Thread 0x000000001671a000 Uncommon trap: reason=unstable_if action=reinterpret pc=0x0000000002e64cb0 method=com.android.dx.ssa.back.IdenticalBlockCombiner.process()Lcom/android/dx/rop/code/RopMethod; @ 207
Event: 7.720 Thread 0x000000001671a000 Uncommon trap: reason=unstable_if action=reinterpret pc=0x0000000002e210ec method=com.android.dx.util.BitIntSet.has(I)Z @ 8
Event: 7.720 Thread 0x000000001671a000 Uncommon trap: reason=unstable_if action=reinterpret pc=0x0000000002df5e58 method=com.android.dx.util.BitIntSet.has(I)Z @ 8
Event: 7.937 Thread 0x000000001671a000 Uncommon trap: reason=unstable_if action=reinterpret pc=0x0000000002e781d4 method=com.android.dx.ssa.back.IdenticalBlockCombiner.process()Lcom/android/dx/rop/code/RopMethod; @ 207
Event: 7.940 Thread 0x000000001671a000 Uncommon trap: reason=unstable_if action=reinterpret pc=0x0000000002e7da50 method=com.android.dx.rop.code.RegisterSpecSet.localItemToSpec(Lcom/android/dx/rop/code/LocalItem;)Lcom/android/dx/rop/code/RegisterSpec; @ 35

Internal exceptions (2 events):
Event: 0.241 Thread 0x00000000022dd800 Exception <a 'java/lang/NoSuchMethodError': Method sun.misc.Unsafe.defineClass(Ljava/lang/String;[BII)Ljava/lang/Class; name or signature does not match> (0x00000000eab12ef8) thrown at [D:\re\workspace\8-2-build-windows-amd64-cygwin\jdk8u40\2855\hotspot\sró²ÄŽwåÎ?
Event: 0.241 Thread 0x00000000022dd800 Exception <a 'java/lang/NoSuchMethodError': Method sun.misc.Unsafe.prefetchRead(Ljava/lang/Object;J)V name or signature does not match> (0x00000000eab13188) thrown at [D:\re\workspace\8-2-build-windows-amd64-cygwin\jdk8u40\2855\hotspot\src\share\vm\prims\j

Events (10 events):
Event: 7.720 Thread 0x000000001671a000 DEOPT PACKING pc=0x0000000002df5e58 sp=0x00000000171be4d0
Event: 7.720 Thread 0x000000001671a000 DEOPT UNPACKING pc=0x00000000027c582a sp=0x00000000171be470 mode 2
Event: 7.937 Thread 0x000000001671a000 DEOPT PACKING pc=0x0000000002f54d68 sp=0x00000000171be6b0
Event: 7.937 Thread 0x000000001671a000 DEOPT UNPACKING pc=0x00000000027c787f sp=0x00000000171be410 mode 0
Event: 7.937 Thread 0x000000001671a000 Uncommon trap: trap_request=0xffffff65 fr.pc=0x0000000002e781d4
Event: 7.938 Thread 0x000000001671a000 DEOPT PACKING pc=0x0000000002e781d4 sp=0x00000000171be6d0
Event: 7.938 Thread 0x000000001671a000 DEOPT UNPACKING pc=0x00000000027c582a sp=0x00000000171be698 mode 2
Event: 7.940 Thread 0x000000001671a000 Uncommon trap: trap_request=0xffffff65 fr.pc=0x0000000002e7da50
Event: 7.940 Thread 0x000000001671a000 DEOPT PACKING pc=0x0000000002e7da50 sp=0x00000000171be8d0
Event: 7.940 Thread 0x000000001671a000 DEOPT UNPACKING pc=0x00000000027c582a sp=0x00000000171be838 mode 2


Dynamic libraries:
0x00007ff69e650000 - 0x00007ff69e687000 	C:\Program Files\Java\jdk1.8.0_40\bin\java.exe
0x00007ffdab180000 - 0x00007ffdab351000 	C:\WINDOWS\SYSTEM32\ntdll.dll
0x00007ffda94a0000 - 0x00007ffda954b000 	C:\WINDOWS\System32\KERNEL32.DLL
0x00007ffda7670000 - 0x00007ffda788d000 	C:\WINDOWS\System32\KERNELBASE.dll
0x00007ffda93f0000 - 0x00007ffda9492000 	C:\WINDOWS\System32\ADVAPI32.dll
0x00007ffda8810000 - 0x00007ffda88ae000 	C:\WINDOWS\System32\msvcrt.dll
0x00007ffda9330000 - 0x00007ffda9389000 	C:\WINDOWS\System32\sechost.dll
0x00007ffda9200000 - 0x00007ffda9321000 	C:\WINDOWS\System32\RPCRT4.dll
0x00007ffda9550000 - 0x00007ffda96b5000 	C:\WINDOWS\System32\USER32.dll
0x00007ffda84e0000 - 0x00007ffda84fe000 	C:\WINDOWS\System32\win32u.dll
0x00007ffda9b60000 - 0x00007ffda9b94000 	C:\WINDOWS\System32\GDI32.dll
0x00007ffda8350000 - 0x00007ffda84d2000 	C:\WINDOWS\System32\gdi32full.dll
0x00007ffd9f1c0000 - 0x00007ffd9f439000 	C:\WINDOWS\WinSxS\amd64_microsoft.windows.common-controls_6595b64144ccf1df_6.0.14393.447_none_42191651c6827bb3\COMCTL32.dll
0x00007ffda8f20000 - 0x00007ffda91e8000 	C:\WINDOWS\System32\combase.dll
0x00007ffda8610000 - 0x00007ffda8705000 	C:\WINDOWS\System32\ucrtbase.dll
0x00007ffda8240000 - 0x00007ffda82aa000 	C:\WINDOWS\System32\bcryptPrimitives.dll
0x00007ffda89c0000 - 0x00007ffda89ee000 	C:\WINDOWS\System32\IMM32.DLL
0x000000006cfc0000 - 0x000000006d092000 	C:\Program Files\Java\jdk1.8.0_40\jre\bin\msvcr100.dll
0x000000006d3c0000 - 0x000000006dc43000 	C:\Program Files\Java\jdk1.8.0_40\jre\bin\server\jvm.dll
0x00007ffda91f0000 - 0x00007ffda91f8000 	C:\WINDOWS\System32\PSAPI.DLL
0x00007ffda4760000 - 0x00007ffda4769000 	C:\WINDOWS\SYSTEM32\WSOCK32.dll
0x00007ffda9af0000 - 0x00007ffda9b5a000 	C:\WINDOWS\System32\WS2_32.dll
0x00007ffda55c0000 - 0x00007ffda55e3000 	C:\WINDOWS\SYSTEM32\WINMM.dll
0x00007ffda0d50000 - 0x00007ffda0d5a000 	C:\WINDOWS\SYSTEM32\VERSION.dll
0x00007ffda5560000 - 0x00007ffda558b000 	C:\WINDOWS\SYSTEM32\WINMMBASE.dll
0x00007ffda81f0000 - 0x00007ffda8232000 	C:\WINDOWS\System32\cfgmgr32.dll
0x000000006e4e0000 - 0x000000006e4ef000 	C:\Program Files\Java\jdk1.8.0_40\jre\bin\verify.dll
0x000000006e4b0000 - 0x000000006e4d9000 	C:\Program Files\Java\jdk1.8.0_40\jre\bin\java.dll
0x000000006e430000 - 0x000000006e446000 	C:\Program Files\Java\jdk1.8.0_40\jre\bin\zip.dll
0x00007ffda9c70000 - 0x00007ffdab179000 	C:\WINDOWS\System32\SHELL32.dll
0x00007ffda7b10000 - 0x00007ffda81ea000 	C:\WINDOWS\System32\windows.storage.dll
0x00007ffda75f0000 - 0x00007ffda763c000 	C:\WINDOWS\System32\powrprof.dll
0x00007ffda8960000 - 0x00007ffda89b2000 	C:\WINDOWS\System32\shlwapi.dll
0x00007ffda7660000 - 0x00007ffda766f000 	C:\WINDOWS\System32\kernel.appcore.dll
0x00007ffda7890000 - 0x00007ffda7939000 	C:\WINDOWS\System32\shcore.dll
0x00007ffda7640000 - 0x00007ffda7654000 	C:\WINDOWS\System32\profapi.dll
0x00007ffda4530000 - 0x00007ffda46c2000 	C:\WINDOWS\SYSTEM32\dbghelp.dll

VM Arguments:
jvm_args: -Djava.awt.headless=true -Xmx1024M -Dfile.encoding=GBK -Duser.country=CN -Duser.language=zh -Duser.variant 
java_command: com.android.dx.command.Main --dex --force-jumbo --num-threads=4 --output D:\AndroidProject\MiniWeather\app\build\intermediates\pre-dexed\debug\main_88166a25e2b1e7bcb44aecd3cb1301c2ca5fb5e3.jar D:\AndroidProject\MiniWeather\app\build\intermediates\transforms\instantRun\debug\folders\1\5\main
java_class_path (initial): C:\Users\jinge\AppData\Local\Android\sdk\build-tools\23.0.3\lib\dx.jar
Launcher Type: SUN_STANDARD

Environment Variables:
JAVA_HOME=C:\Program Files\Java\jdk1.8.0_40
CLASSPATH=.;C:\Program Files\Java\jdk1.8.0_40\lib\tools.jar;C:\Program Files\Java\jdk1.8.0_40\lib\dt.jar;C:\Program Files\Java\jdk1.8.0_40\bin
PATH=C:\Program Files (x86)\Intel\iCLS Client\;C:\Program Files\Intel\iCLS Client\;C:\windows\system32;C:\windows;C:\windows\System32\Wbem;C:\windows\System32\WindowsPowerShell\v1.0\;C:\Program Files (x86)\Intel\Intel(R) Management Engine Components\DAL;C:\Program Files\Intel\Intel(R) Management Engine Components\DAL;C:\Program Files (x86)\Intel\Intel(R) Management Engine Components\IPT;C:\Program Files\Intel\Intel(R) Management Engine Components\IPT;C:\Program Files (x86)\NVIDIA Corporation\PhysX\Common;C:\Program Files\Intel\WiFi\bin\;C:\Program Files\Common Files\Intel\WirelessCommon\;D:\jdk1.7\bin;D:\jdk1.7\jre\bin;C:\Program Files\Java\jdk1.8.0_40\bin;C:\WINDOWS\system32;C:\WINDOWS;C:\WINDOWS\System32\Wbem;C:\WINDOWS\System32\WindowsPowerShell\v1.0\;D:\Git\cmd;C:\Program Files (x86)\IDM Computer Solutions\UltraEdit;C:\Users\jinge\AppData\Local\Programs\Python\Python35\Scripts\;C:\Users\jinge\AppData\Local\Programs\Python\Python35\;%USERPROFILE%\AppData\Local\Microsoft\WindowsApps;
USERNAME=jinge
OS=Windows_NT
PROCESSOR_IDENTIFIER=Intel64 Family 6 Model 94 Stepping 3, GenuineIntel



---------------  S Y S T E M  ---------------

OS: Windows 10.0 , 64 bit Build 14393 (10.0.14393.0)

CPU:total 4 (4 cores per cpu, 1 threads per core) family 6 model 94 stepping 3, cmov, cx8, fxsr, mmx, sse, sse2, sse3, ssse3, sse4.1, sse4.2, popcnt, avx, avx2, aes, clmul, erms, rtm, 3dnowpref, lzcnt, tsc, tscinvbit, bmi1, bmi2, adx

Memory: 4k page, physical 4029280k(300220k free), swap 16612192k(4956k free)

vm_info: Java HotSpot(TM) 64-Bit Server VM (25.40-b25) for windows-amd64 JRE (1.8.0_40-b25), built on Feb 10 2015 21:53:57 by "java_re" with MS VC++ 10.0 (VS2010)

time: Mon Dec 26 17:10:37 2016
elapsed time: 8 seconds (0d 0h 0m 8s)

