#
# There is insufficient memory for the Java Runtime Environment to continue.
# Native memory allocation (malloc) failed to allocate 109232 bytes for Chunk::new
# Possible reasons:
#   The system is out of physical RAM or swap space
#   In 32 bit mode, the process size limit was hit
# Possible solutions:
#   Reduce memory load on the system
#   Increase physical memory or swap space
#   Check if swap backing store is full
#   Use 64 bit Java on a 64 bit OS
#   Decrease Java heap size (-Xmx/-Xms)
#   Decrease number of Java threads
#   Decrease Java thread stack sizes (-Xss)
#   Set larger code cache with -XX:ReservedCodeCacheSize=
# This output file may be truncated or incomplete.
#
#  Out of Memory Error (allocation.cpp:390), pid=15644, tid=16984
#
# JRE version: Java(TM) SE Runtime Environment (8.0_40-b25) (build 1.8.0_40-b25)
# Java VM: Java HotSpot(TM) 64-Bit Server VM (25.40-b25 mixed mode windows-amd64 compressed oops)
# Failed to write core dump. Minidumps are not enabled by default on client versions of Windows
#

---------------  T H R E A D  ---------------

Current thread (0x0000000015d09000):  JavaThread "C2 CompilerThread0" daemon [_thread_in_native, id=16984, stack(0x0000000017210000,0x0000000017310000)]

Stack: [0x0000000017210000,0x0000000017310000]
Native frames: (J=compiled Java code, j=interpreted, Vv=VM code, C=native code)
V  [jvm.dll+0x32b47a]


Current CompileTask:
C2:   3516 1139       4       com.android.dx.cf.code.ValueAwareMachine::run (1142 bytes)


---------------  P R O C E S S  ---------------

Java Threads: ( => current thread )
  0x0000000017673000 JavaThread "pool-1-thread-4" [_thread_blocked, id=19348, stack(0x0000000017f10000,0x0000000018010000)]
  0x000000001766d000 JavaThread "pool-1-thread-3" [_thread_in_Java, id=13620, stack(0x0000000017e10000,0x0000000017f10000)]
  0x000000001766a800 JavaThread "pool-1-thread-2" [_thread_blocked, id=22676, stack(0x0000000017d10000,0x0000000017e10000)]
  0x000000001758c000 JavaThread "pool-2-thread-1" [_thread_blocked, id=18928, stack(0x0000000017c10000,0x0000000017d10000)]
  0x000000001758b000 JavaThread "pool-1-thread-1" [_thread_in_Java, id=13240, stack(0x0000000017b10000,0x0000000017c10000)]
  0x0000000017479000 JavaThread "Service Thread" daemon [_thread_blocked, id=1924, stack(0x0000000017910000,0x0000000017a10000)]
  0x0000000017471800 JavaThread "C1 CompilerThread2" daemon [_thread_blocked, id=21268, stack(0x0000000017810000,0x0000000017910000)]
  0x0000000015d0c000 JavaThread "C2 CompilerThread1" daemon [_thread_in_native, id=23652, stack(0x0000000017310000,0x0000000017410000)]
=>0x0000000015d09000 JavaThread "C2 CompilerThread0" daemon [_thread_in_native, id=16984, stack(0x0000000017210000,0x0000000017310000)]
  0x0000000015cbd800 JavaThread "Attach Listener" daemon [_thread_blocked, id=21100, stack(0x0000000017110000,0x0000000017210000)]
  0x0000000015cbc800 JavaThread "Signal Dispatcher" daemon [_thread_blocked, id=8760, stack(0x0000000017010000,0x0000000017110000)]
  0x0000000003531000 JavaThread "Finalizer" daemon [_thread_blocked, id=18932, stack(0x0000000016f10000,0x0000000017010000)]
  0x000000000352e800 JavaThread "Reference Handler" daemon [_thread_blocked, id=22580, stack(0x0000000016e10000,0x0000000016f10000)]
  0x00000000035dd800 JavaThread "main" [_thread_blocked, id=16868, stack(0x0000000002f80000,0x0000000003080000)]

Other Threads:
  0x0000000015c77800 VMThread [stack: 0x0000000016d10000,0x0000000016e10000] [id=21240]
  0x000000001747a800 WatcherThread [stack: 0x0000000017a10000,0x0000000017b10000] [id=21916]

VM state:not at safepoint (normal execution)

VM Mutex/Monitor currently owned by a thread: None

Heap:
 PSYoungGen      total 18432K, used 16887K [0x00000000eab00000, 0x00000000ecf00000, 0x0000000100000000)
  eden space 15872K, 90% used [0x00000000eab00000,0x00000000eb8fe688,0x00000000eba80000)
  from space 2560K, 99% used [0x00000000eba80000,0x00000000ebcff650,0x00000000ebd00000)
  to   space 2560K, 0% used [0x00000000ecc80000,0x00000000ecc80000,0x00000000ecf00000)
 ParOldGen       total 42496K, used 1881K [0x00000000c0000000, 0x00000000c2980000, 0x00000000eab00000)
  object space 42496K, 4% used [0x00000000c0000000,0x00000000c01d66c0,0x00000000c2980000)
 Metaspace       used 5848K, capacity 6896K, committed 7040K, reserved 1056768K
  class space    used 585K, capacity 616K, committed 640K, reserved 1048576K

Card table byte_map: [0x00000000129a0000,0x0000000012bb0000] byte_map_base: 0x00000000123a0000

Marking Bits: (ParMarkBitMap*) 0x000000006dbc4040
 Begin Bits: [0x0000000013110000, 0x0000000014110000)
 End Bits:   [0x0000000014110000, 0x0000000015110000)

Polling page: 0x0000000001760000

CodeCache: size=245760Kb used=4500Kb max_used=4511Kb free=241259Kb
 bounds [0x00000000035e0000, 0x0000000003a50000, 0x00000000125e0000]
 total_blobs=1405 nmethods=1136 adapters=182
 compilation: enabled

Compilation events (10 events):
Event: 3.493 Thread 0x0000000017471800 nmethod 1133 0x0000000003a45650 code [0x0000000003a45900, 0x0000000003a46ac8]
Event: 3.493 Thread 0x0000000017471800 1134       3       com.android.dx.ssa.InterferenceRegisterMapper::addInterfence (62 bytes)
Event: 3.494 Thread 0x0000000017471800 nmethod 1134 0x0000000003a47450 code [0x0000000003a47720, 0x0000000003a48a08]
Event: 3.494 Thread 0x0000000015d0c000 1136       4       com.android.dx.ssa.SsaMethod::updateOneDefinition (70 bytes)
Event: 3.495 Thread 0x0000000015d0c000 nmethod 1136 0x00000000039fc8d0 code [0x00000000039fca00, 0x00000000039fca78]
Event: 3.495 Thread 0x0000000015d0c000 1137   !   4       com.android.dx.cf.code.RopperMachine::run (1550 bytes)
Event: 3.498 Thread 0x0000000015d09000 nmethod 1135 0x0000000003a39350 code [0x0000000003a394e0, 0x0000000003a39928]
Event: 3.498 Thread 0x0000000017471800 1138       3       com.android.dx.rop.cst.TypedConstant::getBasicFrameType (8 bytes)
Event: 3.498 Thread 0x0000000017471800 nmethod 1138 0x0000000003a45110 code [0x0000000003a45280, 0x0000000003a45558]
Event: 3.498 Thread 0x0000000015d09000 1139       4       com.android.dx.cf.code.ValueAwareMachine::run (1142 bytes)

GC Heap History (2 events):
Event: 2.410 GC heap before
{Heap before GC invocations=1 (full 0):
 PSYoungGen      total 18432K, used 15872K [0x00000000eab00000, 0x00000000ebf80000, 0x0000000100000000)
  eden space 15872K, 100% used [0x00000000eab00000,0x00000000eba80000,0x00000000eba80000)
  from space 2560K, 0% used [0x00000000ebd00000,0x00000000ebd00000,0x00000000ebf80000)
  to   space 2560K, 0% used [0x00000000eba80000,0x00000000eba80000,0x00000000ebd00000)
 ParOldGen       total 42496K, used 0K [0x00000000c0000000, 0x00000000c2980000, 0x00000000eab00000)
  object space 42496K, 0% used [0x00000000c0000000,0x00000000c0000000,0x00000000c2980000)
 Metaspace       used 5675K, capacity 6704K, committed 6784K, reserved 1056768K
  class space    used 580K, capacity 616K, committed 640K, reserved 1048576K
Event: 2.457 GC heap after
Heap after GC invocations=1 (full 0):
 PSYoungGen      total 18432K, used 2557K [0x00000000eab00000, 0x00000000ecf00000, 0x0000000100000000)
  eden space 15872K, 0% used [0x00000000eab00000,0x00000000eab00000,0x00000000eba80000)
  from space 2560K, 99% used [0x00000000eba80000,0x00000000ebcff650,0x00000000ebd00000)
  to   space 2560K, 0% used [0x00000000ecc80000,0x00000000ecc80000,0x00000000ecf00000)
 ParOldGen       total 42496K, used 1881K [0x00000000c0000000, 0x00000000c2980000, 0x00000000eab00000)
  object space 42496K, 4% used [0x00000000c0000000,0x00000000c01d66c0,0x00000000c2980000)
 Metaspace       used 5675K, capacity 6704K, committed 6784K, reserved 1056768K
  class space    used 580K, capacity 616K, committed 640K, reserved 1048576K
}

Deoptimization events (10 events):
Event: 2.298 Thread 0x00000000035dd800 Uncommon trap: reason=unstable_if action=reinterpret pc=0x00000000038196f4 method=java.util.HashMap.getNode(ILjava/lang/Object;)Ljava/util/HashMap$Node; @ 62
Event: 2.323 Thread 0x000000001766a800 Uncommon trap: reason=unstable_if action=reinterpret pc=0x00000000037b56b4 method=com.android.dx.rop.cst.CstFieldRef.compareTo0(Lcom/android/dx/rop/cst/Constant;)I @ 7
Event: 2.526 Thread 0x0000000017673000 Uncommon trap: reason=unloaded action=reinterpret pc=0x00000000038ff9a0 method=com.android.dx.ssa.SsaRenamer$BlockRenamer.visitMoveInsn(Lcom/android/dx/ssa/NormalSsaInsn;)V @ 208
Event: 2.526 Thread 0x0000000017673000 Uncommon trap: reason=unstable_if action=reinterpret pc=0x00000000038f006c method=java.util.HashMap.getNode(ILjava/lang/Object;)Ljava/util/HashMap$Node; @ 129
Event: 2.636 Thread 0x000000001766a800 Uncommon trap: reason=unstable_if action=reinterpret pc=0x0000000003989104 method=com.android.dx.rop.code.RegisterSpec.equals(ILcom/android/dx/rop/type/TypeBearer;Lcom/android/dx/rop/code/LocalItem;)Z @ 16
Event: 2.636 Thread 0x000000001766a800 Uncommon trap: reason=class_check action=maybe_recompile pc=0x00000000039745b0 method=com.android.dx.rop.type.Type.equals(Ljava/lang/Object;)Z @ 8
Event: 2.636 Thread 0x000000001766a800 Uncommon trap: reason=unstable_if action=reinterpret pc=0x000000000395c90c method=com.android.dx.rop.code.RegisterSpec.equals(ILcom/android/dx/rop/type/TypeBearer;Lcom/android/dx/rop/code/LocalItem;)Z @ 16
Event: 2.636 Thread 0x000000001766a800 Uncommon trap: reason=unstable_if action=reinterpret pc=0x0000000003974b80 method=com.android.dx.rop.code.RegisterSpec.equals(ILcom/android/dx/rop/type/TypeBearer;Lcom/android/dx/rop/code/LocalItem;)Z @ 16
Event: 2.638 Thread 0x000000001766a800 Uncommon trap: reason=unstable_if action=reinterpret pc=0x00000000038f5888 method=com.android.dx.rop.code.RegisterSpec.equals(ILcom/android/dx/rop/type/TypeBearer;Lcom/android/dx/rop/code/LocalItem;)Z @ 16
Event: 2.638 Thread 0x000000001766a800 Uncommon trap: reason=class_check action=maybe_recompile pc=0x00000000039745b0 method=com.android.dx.rop.type.Type.equals(Ljava/lang/Object;)Z @ 8

Internal exceptions (2 events):
Event: 0.300 Thread 0x00000000035dd800 Exception <a 'java/lang/NoSuchMethodError': Method sun.misc.Unsafe.defineClass(Ljava/lang/String;[BII)Ljava/lang/Class; name or signature does not match> (0x00000000eab12ef8) thrown at [D:\re\workspace\8-2-build-windows-amd64-cygwin\jdk8u40\2855\hotspot\srÁ°šr6Ó?
Event: 0.300 Thread 0x00000000035dd800 Exception <a 'java/lang/NoSuchMethodError': Method sun.misc.Unsafe.prefetchRead(Ljava/lang/Object;J)V name or signature does not match> (0x00000000eab13188) thrown at [D:\re\workspace\8-2-build-windows-amd64-cygwin\jdk8u40\2855\hotspot\src\share\vm\prims\j

Events (10 events):
Event: 2.637 loading class java/util/HashMap$ValueIterator
Event: 2.637 loading class java/util/HashMap$ValueIterator done
Event: 2.638 Thread 0x000000001766a800 Uncommon trap: trap_request=0xffffff65 fr.pc=0x00000000038f5888
Event: 2.638 Thread 0x000000001766a800 DEOPT PACKING pc=0x00000000038f5888 sp=0x0000000017e0e3e0
Event: 2.638 Thread 0x000000001766a800 DEOPT UNPACKING pc=0x000000000362582a sp=0x0000000017e0e1c8 mode 2
Event: 2.638 Thread 0x000000001766a800 Uncommon trap: trap_request=0xffffffde fr.pc=0x00000000039745b0
Event: 2.638 Thread 0x000000001766a800 DEOPT PACKING pc=0x00000000039745b0 sp=0x0000000017e0e1e0
Event: 2.638 Thread 0x000000001766a800 DEOPT UNPACKING pc=0x000000000362582a sp=0x0000000017e0e188 mode 2
Event: 2.904 Executing VM operation: ForceSafepoint
Event: 3.487 Executing VM operation: ForceSafepoint done


Dynamic libraries:
0x00007ff69e650000 - 0x00007ff69e687000 	C:\Program Files\Java\jdk1.8.0_40\bin\java.exe
0x00007ffdab180000 - 0x00007ffdab351000 	C:\WINDOWS\SYSTEM32\ntdll.dll
0x00007ffda94a0000 - 0x00007ffda954b000 	C:\WINDOWS\System32\KERNEL32.DLL
0x00007ffda7670000 - 0x00007ffda788d000 	C:\WINDOWS\System32\KERNELBASE.dll
0x00007ffda93f0000 - 0x00007ffda9492000 	C:\WINDOWS\System32\ADVAPI32.dll
0x00007ffda8810000 - 0x00007ffda88ae000 	C:\WINDOWS\System32\msvcrt.dll
0x00007ffda9330000 - 0x00007ffda9389000 	C:\WINDOWS\System32\sechost.dll
0x00007ffda9200000 - 0x00007ffda9321000 	C:\WINDOWS\System32\RPCRT4.dll
0x00007ffda9550000 - 0x00007ffda96b5000 	C:\WINDOWS\System32\USER32.dll
0x00007ffda84e0000 - 0x00007ffda84fe000 	C:\WINDOWS\System32\win32u.dll
0x00007ffda9b60000 - 0x00007ffda9b94000 	C:\WINDOWS\System32\GDI32.dll
0x00007ffda8350000 - 0x00007ffda84d2000 	C:\WINDOWS\System32\gdi32full.dll
0x00007ffd9f1c0000 - 0x00007ffd9f439000 	C:\WINDOWS\WinSxS\amd64_microsoft.windows.common-controls_6595b64144ccf1df_6.0.14393.447_none_42191651c6827bb3\COMCTL32.dll
0x00007ffda8f20000 - 0x00007ffda91e8000 	C:\WINDOWS\System32\combase.dll
0x00007ffda8610000 - 0x00007ffda8705000 	C:\WINDOWS\System32\ucrtbase.dll
0x00007ffda8240000 - 0x00007ffda82aa000 	C:\WINDOWS\System32\bcryptPrimitives.dll
0x00007ffda89c0000 - 0x00007ffda89ee000 	C:\WINDOWS\System32\IMM32.DLL
0x000000006cfc0000 - 0x000000006d092000 	C:\Program Files\Java\jdk1.8.0_40\jre\bin\msvcr100.dll
0x000000006d3c0000 - 0x000000006dc43000 	C:\Program Files\Java\jdk1.8.0_40\jre\bin\server\jvm.dll
0x00007ffda91f0000 - 0x00007ffda91f8000 	C:\WINDOWS\System32\PSAPI.DLL
0x00007ffda4760000 - 0x00007ffda4769000 	C:\WINDOWS\SYSTEM32\WSOCK32.dll
0x00007ffda0d50000 - 0x00007ffda0d5a000 	C:\WINDOWS\SYSTEM32\VERSION.dll
0x00007ffda55c0000 - 0x00007ffda55e3000 	C:\WINDOWS\SYSTEM32\WINMM.dll
0x00007ffda9af0000 - 0x00007ffda9b5a000 	C:\WINDOWS\System32\WS2_32.dll
0x0000000001710000 - 0x000000000173b000 	C:\WINDOWS\SYSTEM32\WINMMBASE.dll
0x00007ffda81f0000 - 0x00007ffda8232000 	C:\WINDOWS\System32\cfgmgr32.dll
0x000000006e4e0000 - 0x000000006e4ef000 	C:\Program Files\Java\jdk1.8.0_40\jre\bin\verify.dll
0x000000006e4b0000 - 0x000000006e4d9000 	C:\Program Files\Java\jdk1.8.0_40\jre\bin\java.dll
0x000000006e430000 - 0x000000006e446000 	C:\Program Files\Java\jdk1.8.0_40\jre\bin\zip.dll
0x00007ffda9c70000 - 0x00007ffdab179000 	C:\WINDOWS\System32\SHELL32.dll
0x00007ffda7b10000 - 0x00007ffda81ea000 	C:\WINDOWS\System32\windows.storage.dll
0x00007ffda75f0000 - 0x00007ffda763c000 	C:\WINDOWS\System32\powrprof.dll
0x00007ffda8960000 - 0x00007ffda89b2000 	C:\WINDOWS\System32\shlwapi.dll
0x00007ffda7660000 - 0x00007ffda766f000 	C:\WINDOWS\System32\kernel.appcore.dll
0x00007ffda7890000 - 0x00007ffda7939000 	C:\WINDOWS\System32\shcore.dll
0x00007ffda7640000 - 0x00007ffda7654000 	C:\WINDOWS\System32\profapi.dll
0x00007ffda4530000 - 0x00007ffda46c2000 	C:\WINDOWS\SYSTEM32\dbghelp.dll

VM Arguments:
jvm_args: -Djava.awt.headless=true -Xmx1024M -Dfile.encoding=GBK -Duser.country=CN -Duser.language=zh -Duser.variant 
java_command: com.android.dx.command.Main --dex --force-jumbo --num-threads=4 --output D:\AndroidProject\MiniWeather\app\build\intermediates\pre-dexed\debug\main_88166a25e2b1e7bcb44aecd3cb1301c2ca5fb5e3.jar D:\AndroidProject\MiniWeather\app\build\intermediates\transforms\instantRun\debug\folders\1\5\main
java_class_path (initial): C:\Users\jinge\AppData\Local\Android\sdk\build-tools\23.0.3\lib\dx.jar
Launcher Type: SUN_STANDARD

Environment Variables:
JAVA_HOME=C:\Program Files\Java\jdk1.8.0_40
CLASSPATH=.;C:\Program Files\Java\jdk1.8.0_40\lib\tools.jar;C:\Program Files\Java\jdk1.8.0_40\lib\dt.jar;C:\Program Files\Java\jdk1.8.0_40\bin
PATH=C:\Program Files (x86)\Intel\iCLS Client\;C:\Program Files\Intel\iCLS Client\;C:\windows\system32;C:\windows;C:\windows\System32\Wbem;C:\windows\System32\WindowsPowerShell\v1.0\;C:\Program Files (x86)\Intel\Intel(R) Management Engine Components\DAL;C:\Program Files\Intel\Intel(R) Management Engine Components\DAL;C:\Program Files (x86)\Intel\Intel(R) Management Engine Components\IPT;C:\Program Files\Intel\Intel(R) Management Engine Components\IPT;C:\Program Files (x86)\NVIDIA Corporation\PhysX\Common;C:\Program Files\Intel\WiFi\bin\;C:\Program Files\Common Files\Intel\WirelessCommon\;D:\jdk1.7\bin;D:\jdk1.7\jre\bin;C:\Program Files\Java\jdk1.8.0_40\bin;C:\WINDOWS\system32;C:\WINDOWS;C:\WINDOWS\System32\Wbem;C:\WINDOWS\System32\WindowsPowerShell\v1.0\;D:\Git\cmd;C:\Program Files (x86)\IDM Computer Solutions\UltraEdit;C:\Users\jinge\AppData\Local\Programs\Python\Python35\Scripts\;C:\Users\jinge\AppData\Local\Programs\Python\Python35\;%USERPROFILE%\AppData\Local\Microsoft\WindowsApps;
USERNAME=jinge
OS=Windows_NT
PROCESSOR_IDENTIFIER=Intel64 Family 6 Model 94 Stepping 3, GenuineIntel



---------------  S Y S T E M  ---------------

OS: Windows 10.0 , 64 bit Build 14393 (10.0.14393.0)

CPU:total 4 (4 cores per cpu, 1 threads per core) family 6 model 94 stepping 3, cmov, cx8, fxsr, mmx, sse, sse2, sse3, ssse3, sse4.1, sse4.2, popcnt, avx, avx2, aes, clmul, erms, rtm, 3dnowpref, lzcnt, tsc, tscinvbit, bmi1, bmi2, adx

Memory: 4k page, physical 4029280k(48800k free), swap 16612192k(1192k free)

vm_info: Java HotSpot(TM) 64-Bit Server VM (25.40-b25) for windows-amd64 JRE (1.8.0_40-b25), built on Feb 10 2015 21:53:57 by "java_re" with MS VC++ 10.0 (VS2010)

time: Mon Dec 26 17:14:56 2016
elapsed time: 3 seconds (0d 0h 0m 3s)

