#
# There is insufficient memory for the Java Runtime Environment to continue.
# Native memory allocation (malloc) failed to allocate 1484016 bytes for Chunk::new
# Possible reasons:
#   The system is out of physical RAM or swap space
#   In 32 bit mode, the process size limit was hit
# Possible solutions:
#   Reduce memory load on the system
#   Increase physical memory or swap space
#   Check if swap backing store is full
#   Use 64 bit Java on a 64 bit OS
#   Decrease Java heap size (-Xmx/-Xms)
#   Decrease number of Java threads
#   Decrease Java thread stack sizes (-Xss)
#   Set larger code cache with -XX:ReservedCodeCacheSize=
# This output file may be truncated or incomplete.
#
#  Out of Memory Error (allocation.cpp:390), pid=19332, tid=15060
#
# JRE version: Java(TM) SE Runtime Environment (8.0_40-b25) (build 1.8.0_40-b25)
# Java VM: Java HotSpot(TM) 64-Bit Server VM (25.40-b25 mixed mode windows-amd64 compressed oops)
# Failed to write core dump. Minidumps are not enabled by default on client versions of Windows
#

---------------  T H R E A D  ---------------

Current thread (0x000000001533b000):  JavaThread "C2 CompilerThread0" daemon [_thread_in_native, id=15060, stack(0x0000000016850000,0x0000000016950000)]

Stack: [0x0000000016850000,0x0000000016950000]
Native frames: (J=compiled Java code, j=interpreted, Vv=VM code, C=native code)
V  [jvm.dll+0x32b47a]
V  [jvm.dll+0x2797f3]
V  [jvm.dll+0x27a489]
V  [jvm.dll+0x2717a5]
V  [jvm.dll+0xcb9a2]
V  [jvm.dll+0xcbe6c]
V  [jvm.dll+0x476ea2]
V  [jvm.dll+0x4b950f]
V  [jvm.dll+0x46bf81]
V  [jvm.dll+0x46ccbe]
V  [jvm.dll+0x4500d2]
V  [jvm.dll+0xa4312]
V  [jvm.dll+0xa4c4f]
V  [jvm.dll+0x241914]
V  [jvm.dll+0x29848a]
C  [msvcr100.dll+0x21d9f]
C  [msvcr100.dll+0x21e3b]
C  [KERNEL32.DLL+0x8364]
C  [ntdll.dll+0x670d1]


Current CompileTask:
C2:   6966 1336       4       com.android.dx.dex.code.OutputFinisher::addConstants (93 bytes)


---------------  P R O C E S S  ---------------

Java Threads: ( => current thread )
  0x00000000169b2000 JavaThread "Service Thread" daemon [_thread_blocked, id=20756, stack(0x0000000016f50000,0x0000000017050000)]
  0x00000000169ab800 JavaThread "C1 CompilerThread2" daemon [_thread_blocked, id=10648, stack(0x0000000016e50000,0x0000000016f50000)]
  0x00000000169a0800 JavaThread "C2 CompilerThread1" daemon [_thread_blocked, id=12496, stack(0x0000000016d50000,0x0000000016e50000)]
=>0x000000001533b000 JavaThread "C2 CompilerThread0" daemon [_thread_in_native, id=15060, stack(0x0000000016850000,0x0000000016950000)]
  0x0000000015339000 JavaThread "Attach Listener" daemon [_thread_blocked, id=17344, stack(0x0000000016750000,0x0000000016850000)]
  0x00000000152ee800 JavaThread "Signal Dispatcher" daemon [_thread_blocked, id=9632, stack(0x0000000016650000,0x0000000016750000)]
  0x0000000002c00800 JavaThread "Finalizer" daemon [_thread_blocked, id=21952, stack(0x0000000016550000,0x0000000016650000)]
  0x0000000002bfd800 JavaThread "Reference Handler" daemon [_thread_blocked, id=14836, stack(0x0000000016450000,0x0000000016550000)]
  0x0000000002b0d800 JavaThread "main" [_thread_in_Java, id=21336, stack(0x00000000029d0000,0x0000000002ad0000)]

Other Threads:
  0x00000000152a8800 VMThread [stack: 0x0000000016350000,0x0000000016450000] [id=22524]
  0x00000000169c4800 WatcherThread [stack: 0x0000000017050000,0x0000000017150000] [id=21344]

VM state:not at safepoint (normal execution)

VM Mutex/Monitor currently owned by a thread: None

Heap:
 PSYoungGen      total 34304K, used 9707K [0x00000000eab00000, 0x00000000ecf00000, 0x0000000100000000)
  eden space 31744K, 22% used [0x00000000eab00000,0x00000000eb1fec38,0x00000000eca00000)
  from space 2560K, 99% used [0x00000000ecc80000,0x00000000ecefc048,0x00000000ecf00000)
  to   space 2560K, 0% used [0x00000000eca00000,0x00000000eca00000,0x00000000ecc80000)
 ParOldGen       total 42496K, used 3736K [0x00000000c0000000, 0x00000000c2980000, 0x00000000eab00000)
  object space 42496K, 8% used [0x00000000c0000000,0x00000000c03a6098,0x00000000c2980000)
 Metaspace       used 6163K, capacity 7088K, committed 7296K, reserved 1056768K
  class space    used 608K, capacity 616K, committed 640K, reserved 1048576K

Card table byte_map: [0x0000000011fd0000,0x00000000121e0000] byte_map_base: 0x00000000119d0000

Marking Bits: (ParMarkBitMap*) 0x000000006dbc4040
 Begin Bits: [0x0000000012740000, 0x0000000013740000)
 End Bits:   [0x0000000013740000, 0x0000000014740000)

Polling page: 0x0000000000b80000

CodeCache: size=245760Kb used=5766Kb max_used=5778Kb free=239993Kb
 bounds [0x0000000002c10000, 0x00000000031c0000, 0x0000000011c10000]
 total_blobs=1679 nmethods=1410 adapters=182
 compilation: enabled

Compilation events (10 events):
Event: 6.835 Thread 0x00000000169ab800 nmethod 1341 0x0000000003188e90 code [0x00000000031890c0, 0x0000000003189a28]
Event: 6.835 Thread 0x00000000169ab800 1342       1       com.android.dx.dex.file.DexFile::getByteData (5 bytes)
Event: 6.835 Thread 0x00000000169ab800 nmethod 1342 0x00000000031816d0 code [0x0000000003181820, 0x0000000003181930]
Event: 6.835 Thread 0x00000000169ab800 1343       1       com.android.dx.dex.code.OutputFinisher::hasAnyPositionInfo (5 bytes)
Event: 6.835 Thread 0x00000000169ab800 nmethod 1343 0x0000000003188bd0 code [0x0000000003188d20, 0x0000000003188e30]
Event: 6.835 Thread 0x00000000169ab800 1344       3       com.android.dx.dex.code.StdCatchBuilder::hasAnyCatches (57 bytes)
Event: 6.836 Thread 0x00000000169ab800 nmethod 1344 0x0000000003189f90 code [0x000000000318a180, 0x000000000318aeb8]
Event: 6.836 Thread 0x00000000169a0800 1345       4       java.util.HashMap::putVal (300 bytes)
Event: 6.843 Thread 0x00000000169a0800 nmethod 1345 0x000000000318e810 code [0x000000000318e9c0, 0x000000000318f198]
Event: 6.847 Thread 0x00000000169a0800 1346       4       com.android.dx.dex.code.OutputFinisher::addConstants (68 bytes)

GC Heap History (4 events):
Event: 3.432 GC heap before
{Heap before GC invocations=1 (full 0):
 PSYoungGen      total 18432K, used 15872K [0x00000000eab00000, 0x00000000ebf80000, 0x0000000100000000)
  eden space 15872K, 100% used [0x00000000eab00000,0x00000000eba80000,0x00000000eba80000)
  from space 2560K, 0% used [0x00000000ebd00000,0x00000000ebd00000,0x00000000ebf80000)
  to   space 2560K, 0% used [0x00000000eba80000,0x00000000eba80000,0x00000000ebd00000)
 ParOldGen       total 42496K, used 0K [0x00000000c0000000, 0x00000000c2980000, 0x00000000eab00000)
  object space 42496K, 0% used [0x00000000c0000000,0x00000000c0000000,0x00000000c2980000)
 Metaspace       used 5782K, capacity 6768K, committed 7040K, reserved 1056768K
  class space    used 592K, capacity 616K, committed 640K, reserved 1048576K
Event: 4.889 GC heap after
Heap after GC invocations=1 (full 0):
 PSYoungGen      total 18432K, used 2536K [0x00000000eab00000, 0x00000000ecf00000, 0x0000000100000000)
  eden space 15872K, 0% used [0x00000000eab00000,0x00000000eab00000,0x00000000eba80000)
  from space 2560K, 99% used [0x00000000eba80000,0x00000000ebcfa2d0,0x00000000ebd00000)
  to   space 2560K, 0% used [0x00000000ecc80000,0x00000000ecc80000,0x00000000ecf00000)
 ParOldGen       total 42496K, used 1968K [0x00000000c0000000, 0x00000000c2980000, 0x00000000eab00000)
  object space 42496K, 4% used [0x00000000c0000000,0x00000000c01ec188,0x00000000c2980000)
 Metaspace       used 5782K, capacity 6768K, committed 7040K, reserved 1056768K
  class space    used 592K, capacity 616K, committed 640K, reserved 1048576K
}
Event: 5.475 GC heap before
{Heap before GC invocations=2 (full 0):
 PSYoungGen      total 18432K, used 18408K [0x00000000eab00000, 0x00000000ecf00000, 0x0000000100000000)
  eden space 15872K, 100% used [0x00000000eab00000,0x00000000eba80000,0x00000000eba80000)
  from space 2560K, 99% used [0x00000000eba80000,0x00000000ebcfa2d0,0x00000000ebd00000)
  to   space 2560K, 0% used [0x00000000ecc80000,0x00000000ecc80000,0x00000000ecf00000)
 ParOldGen       total 42496K, used 1968K [0x00000000c0000000, 0x00000000c2980000, 0x00000000eab00000)
  object space 42496K, 4% used [0x00000000c0000000,0x00000000c01ec188,0x00000000c2980000)
 Metaspace       used 5968K, capacity 6960K, committed 7040K, reserved 1056768K
  class space    used 595K, capacity 616K, committed 640K, reserved 1048576K
Event: 5.481 GC heap after
Heap after GC invocations=2 (full 0):
 PSYoungGen      total 34304K, used 2544K [0x00000000eab00000, 0x00000000ecf00000, 0x0000000100000000)
  eden space 31744K, 0% used [0x00000000eab00000,0x00000000eab00000,0x00000000eca00000)
  from space 2560K, 99% used [0x00000000ecc80000,0x00000000ecefc048,0x00000000ecf00000)
  to   space 2560K, 0% used [0x00000000eca00000,0x00000000eca00000,0x00000000ecc80000)
 ParOldGen       total 42496K, used 3736K [0x00000000c0000000, 0x00000000c2980000, 0x00000000eab00000)
  object space 42496K, 8% used [0x00000000c0000000,0x00000000c03a6098,0x00000000c2980000)
 Metaspace       used 5968K, capacity 6960K, committed 7040K, reserved 1056768K
  class space    used 595K, capacity 616K, committed 640K, reserved 1048576K
}

Deoptimization events (10 events):
Event: 5.446 Thread 0x0000000016ab9800 Uncommon trap: reason=unstable_if action=reinterpret pc=0x0000000003014224 method=com.android.dx.rop.code.RegisterSpecSet.put(Lcom/android/dx/rop/code/RegisterSpec;)V @ 77
Event: 5.453 Thread 0x0000000016ab9800 Uncommon trap: reason=bimorphic action=maybe_recompile pc=0x0000000002f7dedc method=java.util.HashMap.getNode(ILjava/lang/Object;)Ljava/util/HashMap$Node; @ 126
Event: 5.454 Thread 0x0000000016ab1800 Uncommon trap: reason=bimorphic action=maybe_recompile pc=0x0000000002f7dedc method=java.util.HashMap.getNode(ILjava/lang/Object;)Ljava/util/HashMap$Node; @ 126
Event: 5.503 Thread 0x0000000016baa800 Uncommon trap: reason=unstable_if action=reinterpret pc=0x0000000002f7a830 method=com.android.dx.rop.code.RegisterSpec.equals(ILcom/android/dx/rop/type/TypeBearer;Lcom/android/dx/rop/code/LocalItem;)Z @ 42
Event: 5.518 Thread 0x0000000016baa800 Uncommon trap: reason=bimorphic action=maybe_recompile pc=0x00000000030aa490 method=com.android.dx.cf.code.BytecodeArray.parseInstruction(ILcom/android/dx/cf/code/BytecodeArray$Visitor;)I @ 1035
Event: 5.518 Thread 0x0000000016baa800 Uncommon trap: reason=bimorphic action=maybe_recompile pc=0x00000000030aa50c method=com.android.dx.cf.code.BytecodeArray.parseInstruction(ILcom/android/dx/cf/code/BytecodeArray$Visitor;)I @ 1051
Event: 5.518 Thread 0x0000000016baa800 Uncommon trap: reason=bimorphic action=maybe_recompile pc=0x00000000030aa50c method=com.android.dx.cf.code.BytecodeArray.parseInstruction(ILcom/android/dx/cf/code/BytecodeArray$Visitor;)I @ 1051
Event: 5.518 Thread 0x0000000016baa800 Uncommon trap: reason=bimorphic action=maybe_recompile pc=0x00000000030aa490 method=com.android.dx.cf.code.BytecodeArray.parseInstruction(ILcom/android/dx/cf/code/BytecodeArray$Visitor;)I @ 1035
Event: 6.815 Thread 0x0000000002b0d800 Uncommon trap: reason=unstable_if action=reinterpret pc=0x000000000317cea8 method=java.util.HashMap.putVal(ILjava/lang/Object;Ljava/lang/Object;ZZ)Ljava/lang/Object; @ 94
Event: 6.832 Thread 0x0000000002b0d800 Uncommon trap: reason=unstable_if action=reinterpret pc=0x0000000003187124 method=com.android.dx.dex.code.OutputFinisher.addConstants(Ljava/util/HashSet;Lcom/android/dx/rop/code/RegisterSpec;)V @ 57

Internal exceptions (2 events):
Event: 0.262 Thread 0x0000000002b0d800 Exception <a 'java/lang/NoSuchMethodError': Method sun.misc.Unsafe.defineClass(Ljava/lang/String;[BII)Ljava/lang/Class; name or signature does not match> (0x00000000eab12ef8) thrown at [D:\re\workspace\8-2-build-windows-amd64-cygwin\jdk8u40\2855\hotspot\srÀ·8Œ¾ÑÐ?
Event: 0.263 Thread 0x0000000002b0d800 Exception <a 'java/lang/NoSuchMethodError': Method sun.misc.Unsafe.prefetchRead(Ljava/lang/Object;J)V name or signature does not match> (0x00000000eab13188) thrown at [D:\re\workspace\8-2-build-windows-amd64-cygwin\jdk8u40\2855\hotspot\src\share\vm\prims\j

Events (10 events):
Event: 6.789 loading class com/android/dx/rop/cst/Zeroes
Event: 6.789 loading class com/android/dx/rop/cst/Zeroes done
Event: 6.815 Thread 0x0000000002b0d800 Uncommon trap: trap_request=0xffffff65 fr.pc=0x000000000317cea8
Event: 6.815 Thread 0x0000000002b0d800 DEOPT PACKING pc=0x000000000317cea8 sp=0x0000000002acebf0
Event: 6.815 Thread 0x0000000002b0d800 DEOPT UNPACKING pc=0x0000000002c5582a sp=0x0000000002aceb80 mode 2
Event: 6.816 loading class com/android/dx/dex/file/CatchStructs
Event: 6.816 loading class com/android/dx/dex/file/CatchStructs done
Event: 6.832 Thread 0x0000000002b0d800 Uncommon trap: trap_request=0xffffff65 fr.pc=0x0000000003187124
Event: 6.832 Thread 0x0000000002b0d800 DEOPT PACKING pc=0x0000000003187124 sp=0x0000000002acecf0
Event: 6.832 Thread 0x0000000002b0d800 DEOPT UNPACKING pc=0x0000000002c5582a sp=0x0000000002acecb8 mode 2


Dynamic libraries:
0x00007ff611520000 - 0x00007ff611557000 	C:\Program Files\Java\jdk1.8.0_40\bin\java.exe
0x00007ffdab180000 - 0x00007ffdab351000 	C:\WINDOWS\SYSTEM32\ntdll.dll
0x00007ffda94a0000 - 0x00007ffda954b000 	C:\WINDOWS\System32\KERNEL32.DLL
0x00007ffda7670000 - 0x00007ffda788d000 	C:\WINDOWS\System32\KERNELBASE.dll
0x00007ffda93f0000 - 0x00007ffda9492000 	C:\WINDOWS\System32\ADVAPI32.dll
0x00007ffda8810000 - 0x00007ffda88ae000 	C:\WINDOWS\System32\msvcrt.dll
0x00007ffda9330000 - 0x00007ffda9389000 	C:\WINDOWS\System32\sechost.dll
0x00007ffda9200000 - 0x00007ffda9321000 	C:\WINDOWS\System32\RPCRT4.dll
0x00007ffda9550000 - 0x00007ffda96b5000 	C:\WINDOWS\System32\USER32.dll
0x00007ffda84e0000 - 0x00007ffda84fe000 	C:\WINDOWS\System32\win32u.dll
0x00007ffda9b60000 - 0x00007ffda9b94000 	C:\WINDOWS\System32\GDI32.dll
0x00007ffda8350000 - 0x00007ffda84d2000 	C:\WINDOWS\System32\gdi32full.dll
0x00007ffd9f1c0000 - 0x00007ffd9f439000 	C:\WINDOWS\WinSxS\amd64_microsoft.windows.common-controls_6595b64144ccf1df_6.0.14393.447_none_42191651c6827bb3\COMCTL32.dll
0x00007ffda8f20000 - 0x00007ffda91e8000 	C:\WINDOWS\System32\combase.dll
0x00007ffda8610000 - 0x00007ffda8705000 	C:\WINDOWS\System32\ucrtbase.dll
0x00007ffda8240000 - 0x00007ffda82aa000 	C:\WINDOWS\System32\bcryptPrimitives.dll
0x00007ffda89c0000 - 0x00007ffda89ee000 	C:\WINDOWS\System32\IMM32.DLL
0x000000006cfc0000 - 0x000000006d092000 	C:\Program Files\Java\jdk1.8.0_40\jre\bin\msvcr100.dll
0x000000006d3c0000 - 0x000000006dc43000 	C:\Program Files\Java\jdk1.8.0_40\jre\bin\server\jvm.dll
0x00007ffda91f0000 - 0x00007ffda91f8000 	C:\WINDOWS\System32\PSAPI.DLL
0x00007ffda4760000 - 0x00007ffda4769000 	C:\WINDOWS\SYSTEM32\WSOCK32.dll
0x00007ffda9af0000 - 0x00007ffda9b5a000 	C:\WINDOWS\System32\WS2_32.dll
0x00007ffda55c0000 - 0x00007ffda55e3000 	C:\WINDOWS\SYSTEM32\WINMM.dll
0x00007ffda0d50000 - 0x00007ffda0d5a000 	C:\WINDOWS\SYSTEM32\VERSION.dll
0x00007ffda5560000 - 0x00007ffda558b000 	C:\WINDOWS\SYSTEM32\WINMMBASE.dll
0x00007ffda81f0000 - 0x00007ffda8232000 	C:\WINDOWS\System32\cfgmgr32.dll
0x000000006e4e0000 - 0x000000006e4ef000 	C:\Program Files\Java\jdk1.8.0_40\jre\bin\verify.dll
0x000000006e4b0000 - 0x000000006e4d9000 	C:\Program Files\Java\jdk1.8.0_40\jre\bin\java.dll
0x000000006e430000 - 0x000000006e446000 	C:\Program Files\Java\jdk1.8.0_40\jre\bin\zip.dll
0x00007ffda9c70000 - 0x00007ffdab179000 	C:\WINDOWS\System32\SHELL32.dll
0x00007ffda7b10000 - 0x00007ffda81ea000 	C:\WINDOWS\System32\windows.storage.dll
0x00007ffda75f0000 - 0x00007ffda763c000 	C:\WINDOWS\System32\powrprof.dll
0x00007ffda8960000 - 0x00007ffda89b2000 	C:\WINDOWS\System32\shlwapi.dll
0x00007ffda7660000 - 0x00007ffda766f000 	C:\WINDOWS\System32\kernel.appcore.dll
0x00007ffda7890000 - 0x00007ffda7939000 	C:\WINDOWS\System32\shcore.dll
0x00007ffda7640000 - 0x00007ffda7654000 	C:\WINDOWS\System32\profapi.dll
0x00007ffda4530000 - 0x00007ffda46c2000 	C:\WINDOWS\SYSTEM32\dbghelp.dll

VM Arguments:
jvm_args: -Djava.awt.headless=true -Xmx1024M -Dfile.encoding=GBK -Duser.country=CN -Duser.language=zh -Duser.variant 
java_command: com.android.dx.command.Main --dex --force-jumbo --num-threads=4 --output D:\AndroidProject\MiniWeather\app\build\intermediates\pre-dexed\debug\com.android.support-support-vector-drawable-23.3.0_83f9cf7f0cf9ffa40484f78b69ae1a448500efec.jar D:\AndroidProject\MiniWeather\app\build\intermediates\exploded-aar\com.android.support\support-vector-drawable\23.3.0\jars\classes.jar
java_class_path (initial): C:\Users\jinge\AppData\Local\Android\sdk\build-tools\23.0.3\lib\dx.jar
Launcher Type: SUN_STANDARD

Environment Variables:
JAVA_HOME=C:\Program Files\Java\jdk1.8.0_40
CLASSPATH=.;C:\Program Files\Java\jdk1.8.0_40\lib\tools.jar;C:\Program Files\Java\jdk1.8.0_40\lib\dt.jar;C:\Program Files\Java\jdk1.8.0_40\bin
PATH=C:\Program Files (x86)\Intel\iCLS Client\;C:\Program Files\Intel\iCLS Client\;C:\windows\system32;C:\windows;C:\windows\System32\Wbem;C:\windows\System32\WindowsPowerShell\v1.0\;C:\Program Files (x86)\Intel\Intel(R) Management Engine Components\DAL;C:\Program Files\Intel\Intel(R) Management Engine Components\DAL;C:\Program Files (x86)\Intel\Intel(R) Management Engine Components\IPT;C:\Program Files\Intel\Intel(R) Management Engine Components\IPT;C:\Program Files (x86)\NVIDIA Corporation\PhysX\Common;C:\Program Files\Intel\WiFi\bin\;C:\Program Files\Common Files\Intel\WirelessCommon\;D:\jdk1.7\bin;D:\jdk1.7\jre\bin;C:\Program Files\Java\jdk1.8.0_40\bin;C:\WINDOWS\system32;C:\WINDOWS;C:\WINDOWS\System32\Wbem;C:\WINDOWS\System32\WindowsPowerShell\v1.0\;D:\Git\cmd;C:\Users\jinge\AppData\Local\Programs\Python\Python35\Scripts\;C:\Users\jinge\AppData\Local\Programs\Python\Python35\;%USERPROFILE%\AppData\Local\Microsoft\WindowsApps;
USERNAME=jinge
OS=Windows_NT
PROCESSOR_IDENTIFIER=Intel64 Family 6 Model 94 Stepping 3, GenuineIntel



---------------  S Y S T E M  ---------------

OS: Windows 10.0 , 64 bit Build 14393 (10.0.14393.0)

CPU:total 4 (4 cores per cpu, 1 threads per core) family 6 model 94 stepping 3, cmov, cx8, fxsr, mmx, sse, sse2, sse3, ssse3, sse4.1, sse4.2, popcnt, avx, avx2, aes, clmul, erms, rtm, 3dnowpref, lzcnt, tsc, tscinvbit, bmi1, bmi2, adx

Memory: 4k page, physical 4029280k(104628k free), swap 16612192k(4260k free)

vm_info: Java HotSpot(TM) 64-Bit Server VM (25.40-b25) for windows-amd64 JRE (1.8.0_40-b25), built on Feb 10 2015 21:53:57 by "java_re" with MS VC++ 10.0 (VS2010)

time: Mon Dec 26 02:49:24 2016
elapsed time: 6 seconds (0d 0h 0m 6s)

