#
# There is insufficient memory for the Java Runtime Environment to continue.
# Native memory allocation (malloc) failed to allocate 448896 bytes for Chunk::new
# Possible reasons:
#   The system is out of physical RAM or swap space
#   In 32 bit mode, the process size limit was hit
# Possible solutions:
#   Reduce memory load on the system
#   Increase physical memory or swap space
#   Check if swap backing store is full
#   Use 64 bit Java on a 64 bit OS
#   Decrease Java heap size (-Xmx/-Xms)
#   Decrease number of Java threads
#   Decrease Java thread stack sizes (-Xss)
#   Set larger code cache with -XX:ReservedCodeCacheSize=
# This output file may be truncated or incomplete.
#
#  Out of Memory Error (allocation.cpp:390), pid=21780, tid=10640
#
# JRE version: Java(TM) SE Runtime Environment (8.0_40-b25) (build 1.8.0_40-b25)
# Java VM: Java HotSpot(TM) 64-Bit Server VM (25.40-b25 mixed mode windows-amd64 compressed oops)
# Failed to write core dump. Minidumps are not enabled by default on client versions of Windows
#

---------------  T H R E A D  ---------------

Current thread (0x000000001545e000):  JavaThread "C2 CompilerThread1" daemon [_thread_in_native, id=10640, stack(0x0000000016e70000,0x0000000016f70000)]

Stack: [0x0000000016e70000,0x0000000016f70000]
Native frames: (J=compiled Java code, j=interpreted, Vv=VM code, C=native code)
V  [jvm.dll+0x32b47a]
V  [jvm.dll+0x2797f3]
V  [jvm.dll+0x27a489]
V  [jvm.dll+0x2717a5]
V  [jvm.dll+0xcb9a2]
V  [jvm.dll+0xcbe6c]
V  [jvm.dll+0x476ea2]
V  [jvm.dll+0x4b950f]
V  [jvm.dll+0x46b6b5]
V  [jvm.dll+0x46ccbe]
V  [jvm.dll+0x4500d2]
V  [jvm.dll+0xa4312]
V  [jvm.dll+0xa4c4f]
V  [jvm.dll+0x241914]
V  [jvm.dll+0x29848a]
C  [msvcr100.dll+0x21d9f]
C  [msvcr100.dll+0x21e3b]
C  [KERNEL32.DLL+0x8364]
C  [ntdll.dll+0x670d1]


Current CompileTask:
C2:   7218 1308       4       com.android.dx.ssa.SsaRenamer$BlockRenamer::process (191 bytes)


---------------  P R O C E S S  ---------------

Java Threads: ( => current thread )
  0x0000000016c3c800 JavaThread "pool-1-thread-4" [_thread_in_Java, id=22088, stack(0x0000000017670000,0x0000000017770000)]
  0x0000000016c3b800 JavaThread "pool-1-thread-3" [_thread_in_Java, id=14120, stack(0x0000000017570000,0x0000000017670000)]
  0x0000000016c37000 JavaThread "pool-2-thread-1" [_thread_blocked, id=21412, stack(0x0000000017370000,0x0000000017470000)]
  0x0000000016c2e000 JavaThread "pool-1-thread-1" [_thread_in_Java, id=20284, stack(0x0000000017270000,0x0000000017370000)]
  0x0000000016ad9800 JavaThread "Service Thread" daemon [_thread_blocked, id=12640, stack(0x0000000017070000,0x0000000017170000)]
  0x0000000016ad3800 JavaThread "C1 CompilerThread2" daemon [_thread_in_vm, id=10816, stack(0x0000000016f70000,0x0000000017070000)]
=>0x000000001545e000 JavaThread "C2 CompilerThread1" daemon [_thread_in_native, id=10640, stack(0x0000000016e70000,0x0000000016f70000)]
  0x000000001545a800 JavaThread "C2 CompilerThread0" daemon [_thread_in_native, id=21748, stack(0x0000000016970000,0x0000000016a70000)]
  0x0000000015459000 JavaThread "Attach Listener" daemon [_thread_blocked, id=22336, stack(0x0000000016870000,0x0000000016970000)]
  0x000000001540e800 JavaThread "Signal Dispatcher" daemon [_thread_blocked, id=15520, stack(0x0000000016770000,0x0000000016870000)]
  0x0000000002d21000 JavaThread "Finalizer" daemon [_thread_blocked, id=19928, stack(0x0000000016670000,0x0000000016770000)]
  0x0000000002d1e800 JavaThread "Reference Handler" daemon [_thread_blocked, id=17080, stack(0x0000000016570000,0x0000000016670000)]
  0x0000000002b2d800 JavaThread "main" [_thread_blocked, id=22496, stack(0x0000000002b30000,0x0000000002c30000)]

Other Threads:
  0x00000000153c7800 VMThread [stack: 0x0000000016470000,0x0000000016570000] [id=21904]
  0x0000000016adb000 WatcherThread [stack: 0x0000000017170000,0x0000000017270000] [id=16052]

VM state:not at safepoint (normal execution)

VM Mutex/Monitor currently owned by a thread: None

Heap:
 PSYoungGen      total 34304K, used 26128K [0x00000000eab00000, 0x00000000ecf00000, 0x0000000100000000)
  eden space 31744K, 74% used [0x00000000eab00000,0x00000000ec206270,0x00000000eca00000)
  from space 2560K, 99% used [0x00000000ecc80000,0x00000000ecefe028,0x00000000ecf00000)
  to   space 2560K, 0% used [0x00000000eca00000,0x00000000eca00000,0x00000000ecc80000)
 ParOldGen       total 42496K, used 4005K [0x00000000c0000000, 0x00000000c2980000, 0x00000000eab00000)
  object space 42496K, 9% used [0x00000000c0000000,0x00000000c03e9450,0x00000000c2980000)
 Metaspace       used 6012K, capacity 6960K, committed 7040K, reserved 1056768K
  class space    used 591K, capacity 616K, committed 640K, reserved 1048576K

Card table byte_map: [0x00000000120f0000,0x0000000012300000] byte_map_base: 0x0000000011af0000

Marking Bits: (ParMarkBitMap*) 0x000000006dbc4040
 Begin Bits: [0x0000000012860000, 0x0000000013860000)
 End Bits:   [0x0000000013860000, 0x0000000014860000)

Polling page: 0x0000000002730000

CodeCache: size=245760Kb used=5387Kb max_used=5387Kb free=240372Kb
 bounds [0x0000000002d30000, 0x0000000003280000, 0x0000000011d30000]
 total_blobs=1595 nmethods=1324 adapters=182
 compilation: enabled

Compilation events (10 events):
Event: 7.189 Thread 0x000000001545a800 1307       4       com.android.dx.ssa.Dominators::compress (229 bytes)
Event: 7.189 Thread 0x0000000016ad3800 1314       1       com.android.dx.cf.code.BaseMachine::auxIntArg (6 bytes)
Event: 7.189 Thread 0x0000000016ad3800 nmethod 1314 0x0000000003244d50 code [0x0000000003244ea0, 0x0000000003244fb0]
Event: 7.190 Thread 0x0000000016ad3800 1315       3       com.android.dx.util.LabeledList::rebuildLabelToIndex (46 bytes)
Event: 7.190 Thread 0x0000000016ad3800 nmethod 1315 0x0000000003241fd0 code [0x0000000003242180, 0x0000000003242808]
Event: 7.191 Thread 0x0000000016ad3800 1317       1       com.android.dx.rop.code.DexTranslationAdvice::getMaxOptimalRegisterCount (3 bytes)
Event: 7.191 Thread 0x0000000016ad3800 nmethod 1317 0x000000000323eb10 code [0x000000000323ec60, 0x000000000323ed70]
Event: 7.192 Thread 0x0000000016ad3800 1319       3       com.android.dx.rop.type.Type::isIntlike (56 bytes)
Event: 7.193 Thread 0x0000000016ad3800 nmethod 1319 0x000000000323e6d0 code [0x000000000323e820, 0x000000000323e9b0]
Event: 7.193 Thread 0x0000000016ad3800 1320       3       com.android.dx.cf.code.BaseMachine::popArgs (127 bytes)

GC Heap History (4 events):
Event: 3.054 GC heap before
{Heap before GC invocations=1 (full 0):
 PSYoungGen      total 18432K, used 15872K [0x00000000eab00000, 0x00000000ebf80000, 0x0000000100000000)
  eden space 15872K, 100% used [0x00000000eab00000,0x00000000eba80000,0x00000000eba80000)
  from space 2560K, 0% used [0x00000000ebd00000,0x00000000ebd00000,0x00000000ebf80000)
  to   space 2560K, 0% used [0x00000000eba80000,0x00000000eba80000,0x00000000ebd00000)
 ParOldGen       total 42496K, used 0K [0x00000000c0000000, 0x00000000c2980000, 0x00000000eab00000)
  object space 42496K, 0% used [0x00000000c0000000,0x00000000c0000000,0x00000000c2980000)
 Metaspace       used 5666K, capacity 6640K, committed 6784K, reserved 1056768K
  class space    used 587K, capacity 616K, committed 640K, reserved 1048576K
Event: 3.618 GC heap after
Heap after GC invocations=1 (full 0):
 PSYoungGen      total 18432K, used 2533K [0x00000000eab00000, 0x00000000ecf00000, 0x0000000100000000)
  eden space 15872K, 0% used [0x00000000eab00000,0x00000000eab00000,0x00000000eba80000)
  from space 2560K, 98% used [0x00000000eba80000,0x00000000ebcf9458,0x00000000ebd00000)
  to   space 2560K, 0% used [0x00000000ecc80000,0x00000000ecc80000,0x00000000ecf00000)
 ParOldGen       total 42496K, used 1698K [0x00000000c0000000, 0x00000000c2980000, 0x00000000eab00000)
  object space 42496K, 3% used [0x00000000c0000000,0x00000000c01a8800,0x00000000c2980000)
 Metaspace       used 5666K, capacity 6640K, committed 6784K, reserved 1056768K
  class space    used 587K, capacity 616K, committed 640K, reserved 1048576K
}
Event: 5.296 GC heap before
{Heap before GC invocations=2 (full 0):
 PSYoungGen      total 18432K, used 18405K [0x00000000eab00000, 0x00000000ecf00000, 0x0000000100000000)
  eden space 15872K, 100% used [0x00000000eab00000,0x00000000eba80000,0x00000000eba80000)
  from space 2560K, 98% used [0x00000000eba80000,0x00000000ebcf9458,0x00000000ebd00000)
  to   space 2560K, 0% used [0x00000000ecc80000,0x00000000ecc80000,0x00000000ecf00000)
 ParOldGen       total 42496K, used 1698K [0x00000000c0000000, 0x00000000c2980000, 0x00000000eab00000)
  object space 42496K, 3% used [0x00000000c0000000,0x00000000c01a8800,0x00000000c2980000)
 Metaspace       used 5918K, capacity 6896K, committed 7040K, reserved 1056768K
  class space    used 591K, capacity 616K, committed 640K, reserved 1048576K
Event: 5.762 GC heap after
Heap after GC invocations=2 (full 0):
 PSYoungGen      total 34304K, used 2552K [0x00000000eab00000, 0x00000000ecf00000, 0x0000000100000000)
  eden space 31744K, 0% used [0x00000000eab00000,0x00000000eab00000,0x00000000eca00000)
  from space 2560K, 99% used [0x00000000ecc80000,0x00000000ecefe028,0x00000000ecf00000)
  to   space 2560K, 0% used [0x00000000eca00000,0x00000000eca00000,0x00000000ecc80000)
 ParOldGen       total 42496K, used 4005K [0x00000000c0000000, 0x00000000c2980000, 0x00000000eab00000)
  object space 42496K, 9% used [0x00000000c0000000,0x00000000c03e9450,0x00000000c2980000)
 Metaspace       used 5918K, capacity 6896K, committed 7040K, reserved 1056768K
  class space    used 591K, capacity 616K, committed 640K, reserved 1048576K
}

Deoptimization events (7 events):
Event: 2.422 Thread 0x0000000016c3c800 Uncommon trap: reason=unstable_if action=reinterpret pc=0x0000000002f3e034 method=java.util.HashMap.getNode(ILjava/lang/Object;)Ljava/util/HashMap$Node; @ 62
Event: 3.734 Thread 0x0000000002b2d800 Uncommon trap: reason=null_check action=make_not_entrant pc=0x0000000002fd7a64 method=com.android.dx.rop.type.Type.equals(Ljava/lang/Object;)Z @ 8
Event: 3.951 Thread 0x0000000016c3c800 Uncommon trap: reason=unstable_if action=reinterpret pc=0x0000000002fd4ac8 method=com.android.dx.ssa.SsaRenamer$BlockRenamer.addMapping(ILcom/android/dx/rop/code/RegisterSpec;)V @ 120
Event: 3.959 Thread 0x0000000016c3a000 Uncommon trap: reason=null_check action=make_not_entrant pc=0x0000000002fdb110 method=com.android.dx.ssa.SsaRenamer.getLocalForNewReg(I)Lcom/android/dx/rop/code/LocalItem; @ 19
Event: 4.006 Thread 0x0000000016c2e000 Uncommon trap: reason=bimorphic action=maybe_recompile pc=0x0000000002fb99e4 method=java.util.HashMap.getNode(ILjava/lang/Object;)Ljava/util/HashMap$Node; @ 126
Event: 4.006 Thread 0x0000000016c2e000 Uncommon trap: reason=class_check action=maybe_recompile pc=0x0000000003086c8c method=java.util.HashMap.putVal(ILjava/lang/Object;Ljava/lang/Object;ZZ)Ljava/lang/Object; @ 203
Event: 4.188 Thread 0x0000000016c3b800 Uncommon trap: reason=unstable_if action=reinterpret pc=0x0000000002fe23fc method=com.android.dx.rop.code.RegisterSpec.equals(ILcom/android/dx/rop/type/TypeBearer;Lcom/android/dx/rop/code/LocalItem;)Z @ 42

Internal exceptions (4 events):
Event: 0.435 Thread 0x0000000002b2d800 Exception <a 'java/lang/NoSuchMethodError': Method sun.misc.Unsafe.defineClass(Ljava/lang/String;[BII)Ljava/lang/Class; name or signature does not match> (0x00000000eab12ef8) thrown at [D:\re\workspace\8-2-build-windows-amd64-cygwin\jdk8u40\2855\hotspot\sr=´ñœ|ÜÛ?
Event: 0.435 Thread 0x0000000002b2d800 Exception <a 'java/lang/NoSuchMethodError': Method sun.misc.Unsafe.prefetchRead(Ljava/lang/Object;J)V name or signature does not match> (0x00000000eab13188) thrown at [D:\re\workspace\8-2-build-windows-amd64-cygwin\jdk8u40\2855\hotspot\src\share\vm\prims\jî¬?þ!ß@
Event: 3.734 Thread 0x0000000002b2d800 Implicit null exception at 0x0000000002fd7962 to 0x0000000002fd7a55
Event: 3.959 Thread 0x0000000016c3a000 Implicit null exception at 0x0000000002fd88eb to 0x0000000002fdb0ed

Events (10 events):
Event: 6.086 Thread 0x0000000016c3a000 DEOPT UNPACKING pc=0x0000000002d7787f sp=0x000000001756e370 mode 0
Event: 6.138 Thread 0x0000000016c2e000 DEOPT PACKING pc=0x0000000003091365 sp=0x000000001736edd0
Event: 6.139 Thread 0x0000000016c2e000 DEOPT UNPACKING pc=0x0000000002d7787f sp=0x000000001736ebc0 mode 0
Event: 6.278 Thread 0x0000000016c2e000 DEOPT PACKING pc=0x0000000003099be1 sp=0x000000001736ed70
Event: 6.278 Thread 0x0000000016c2e000 DEOPT UNPACKING pc=0x0000000002d7787f sp=0x000000001736eae0 mode 0
Event: 6.282 Thread 0x0000000016c2e000 DEOPT PACKING pc=0x000000000310e3c1 sp=0x000000001736ece0
Event: 6.282 Thread 0x0000000016c2e000 DEOPT UNPACKING pc=0x0000000002d7787f sp=0x000000001736eaa8 mode 0
Event: 6.314 Thread 0x0000000016c3a000 Thread exited: 0x0000000016c3a000
Event: 7.186 loading class com/android/dx/cf/code/SwitchList
Event: 7.186 loading class com/android/dx/cf/code/SwitchList done


Dynamic libraries:
0x00007ff611520000 - 0x00007ff611557000 	C:\Program Files\Java\jdk1.8.0_40\bin\java.exe
0x00007ffdab180000 - 0x00007ffdab351000 	C:\WINDOWS\SYSTEM32\ntdll.dll
0x00007ffda94a0000 - 0x00007ffda954b000 	C:\WINDOWS\System32\KERNEL32.DLL
0x00007ffda7670000 - 0x00007ffda788d000 	C:\WINDOWS\System32\KERNELBASE.dll
0x00007ffda93f0000 - 0x00007ffda9492000 	C:\WINDOWS\System32\ADVAPI32.dll
0x00007ffda8810000 - 0x00007ffda88ae000 	C:\WINDOWS\System32\msvcrt.dll
0x00007ffda9330000 - 0x00007ffda9389000 	C:\WINDOWS\System32\sechost.dll
0x00007ffda9200000 - 0x00007ffda9321000 	C:\WINDOWS\System32\RPCRT4.dll
0x00007ffda9550000 - 0x00007ffda96b5000 	C:\WINDOWS\System32\USER32.dll
0x00007ffda84e0000 - 0x00007ffda84fe000 	C:\WINDOWS\System32\win32u.dll
0x00007ffda9b60000 - 0x00007ffda9b94000 	C:\WINDOWS\System32\GDI32.dll
0x00007ffda8350000 - 0x00007ffda84d2000 	C:\WINDOWS\System32\gdi32full.dll
0x00007ffd9f1c0000 - 0x00007ffd9f439000 	C:\WINDOWS\WinSxS\amd64_microsoft.windows.common-controls_6595b64144ccf1df_6.0.14393.447_none_42191651c6827bb3\COMCTL32.dll
0x00007ffda8f20000 - 0x00007ffda91e8000 	C:\WINDOWS\System32\combase.dll
0x00007ffda8610000 - 0x00007ffda8705000 	C:\WINDOWS\System32\ucrtbase.dll
0x00007ffda8240000 - 0x00007ffda82aa000 	C:\WINDOWS\System32\bcryptPrimitives.dll
0x00007ffda89c0000 - 0x00007ffda89ee000 	C:\WINDOWS\System32\IMM32.DLL
0x000000006cfc0000 - 0x000000006d092000 	C:\Program Files\Java\jdk1.8.0_40\jre\bin\msvcr100.dll
0x000000006d3c0000 - 0x000000006dc43000 	C:\Program Files\Java\jdk1.8.0_40\jre\bin\server\jvm.dll
0x00007ffda91f0000 - 0x00007ffda91f8000 	C:\WINDOWS\System32\PSAPI.DLL
0x00007ffda4760000 - 0x00007ffda4769000 	C:\WINDOWS\SYSTEM32\WSOCK32.dll
0x00007ffda9af0000 - 0x00007ffda9b5a000 	C:\WINDOWS\System32\WS2_32.dll
0x00007ffda55c0000 - 0x00007ffda55e3000 	C:\WINDOWS\SYSTEM32\WINMM.dll
0x00007ffda0d50000 - 0x00007ffda0d5a000 	C:\WINDOWS\SYSTEM32\VERSION.dll
0x00007ffda5560000 - 0x00007ffda558b000 	C:\WINDOWS\SYSTEM32\WINMMBASE.dll
0x00007ffda81f0000 - 0x00007ffda8232000 	C:\WINDOWS\System32\cfgmgr32.dll
0x000000006e4e0000 - 0x000000006e4ef000 	C:\Program Files\Java\jdk1.8.0_40\jre\bin\verify.dll
0x000000006e4b0000 - 0x000000006e4d9000 	C:\Program Files\Java\jdk1.8.0_40\jre\bin\java.dll
0x000000006e430000 - 0x000000006e446000 	C:\Program Files\Java\jdk1.8.0_40\jre\bin\zip.dll
0x00007ffda9c70000 - 0x00007ffdab179000 	C:\WINDOWS\System32\SHELL32.dll
0x00007ffda7b10000 - 0x00007ffda81ea000 	C:\WINDOWS\System32\windows.storage.dll
0x00007ffda75f0000 - 0x00007ffda763c000 	C:\WINDOWS\System32\powrprof.dll
0x00007ffda8960000 - 0x00007ffda89b2000 	C:\WINDOWS\System32\shlwapi.dll
0x00007ffda7660000 - 0x00007ffda766f000 	C:\WINDOWS\System32\kernel.appcore.dll
0x00007ffda7890000 - 0x00007ffda7939000 	C:\WINDOWS\System32\shcore.dll
0x00007ffda7640000 - 0x00007ffda7654000 	C:\WINDOWS\System32\profapi.dll
0x00007ffda4530000 - 0x00007ffda46c2000 	C:\WINDOWS\SYSTEM32\dbghelp.dll

VM Arguments:
jvm_args: -Djava.awt.headless=true -Xmx1024M -Dfile.encoding=GBK -Duser.country=CN -Duser.language=zh -Duser.variant 
java_command: com.android.dx.command.Main --dex --force-jumbo --num-threads=4 --output D:\AndroidProject\MiniWeather\app\build\intermediates\pre-dexed\debug\instant-run_c80b3365d63f18358a742eb4db98048fa63faeca.jar D:\AndroidProject\MiniWeather\app\build\intermediates\incremental-runtime-classes\debug\instant-run.jar
java_class_path (initial): C:\Users\jinge\AppData\Local\Android\sdk\build-tools\23.0.3\lib\dx.jar
Launcher Type: SUN_STANDARD

Environment Variables:
JAVA_HOME=C:\Program Files\Java\jdk1.8.0_40
CLASSPATH=.;C:\Program Files\Java\jdk1.8.0_40\lib\tools.jar;C:\Program Files\Java\jdk1.8.0_40\lib\dt.jar;C:\Program Files\Java\jdk1.8.0_40\bin
PATH=C:\Program Files (x86)\Intel\iCLS Client\;C:\Program Files\Intel\iCLS Client\;C:\windows\system32;C:\windows;C:\windows\System32\Wbem;C:\windows\System32\WindowsPowerShell\v1.0\;C:\Program Files (x86)\Intel\Intel(R) Management Engine Components\DAL;C:\Program Files\Intel\Intel(R) Management Engine Components\DAL;C:\Program Files (x86)\Intel\Intel(R) Management Engine Components\IPT;C:\Program Files\Intel\Intel(R) Management Engine Components\IPT;C:\Program Files (x86)\NVIDIA Corporation\PhysX\Common;C:\Program Files\Intel\WiFi\bin\;C:\Program Files\Common Files\Intel\WirelessCommon\;D:\jdk1.7\bin;D:\jdk1.7\jre\bin;C:\Program Files\Java\jdk1.8.0_40\bin;C:\WINDOWS\system32;C:\WINDOWS;C:\WINDOWS\System32\Wbem;C:\WINDOWS\System32\WindowsPowerShell\v1.0\;D:\Git\cmd;C:\Users\jinge\AppData\Local\Programs\Python\Python35\Scripts\;C:\Users\jinge\AppData\Local\Programs\Python\Python35\;%USERPROFILE%\AppData\Local\Microsoft\WindowsApps;
USERNAME=jinge
OS=Windows_NT
PROCESSOR_IDENTIFIER=Intel64 Family 6 Model 94 Stepping 3, GenuineIntel



---------------  S Y S T E M  ---------------

OS: Windows 10.0 , 64 bit Build 14393 (10.0.14393.0)

CPU:total 4 (4 cores per cpu, 1 threads per core) family 6 model 94 stepping 3, cmov, cx8, fxsr, mmx, sse, sse2, sse3, ssse3, sse4.1, sse4.2, popcnt, avx, avx2, aes, clmul, erms, rtm, 3dnowpref, lzcnt, tsc, tscinvbit, bmi1, bmi2, adx

Memory: 4k page, physical 4029280k(85188k free), swap 16612192k(440k free)

vm_info: Java HotSpot(TM) 64-Bit Server VM (25.40-b25) for windows-amd64 JRE (1.8.0_40-b25), built on Feb 10 2015 21:53:57 by "java_re" with MS VC++ 10.0 (VS2010)

time: Mon Dec 26 02:49:24 2016
elapsed time: 7 seconds (0d 0h 0m 7s)

