#
# There is insufficient memory for the Java Runtime Environment to continue.
# Native memory allocation (malloc) failed to allocate 1750096 bytes for Chunk::new
# Possible reasons:
#   The system is out of physical RAM or swap space
#   In 32 bit mode, the process size limit was hit
# Possible solutions:
#   Reduce memory load on the system
#   Increase physical memory or swap space
#   Check if swap backing store is full
#   Use 64 bit Java on a 64 bit OS
#   Decrease Java heap size (-Xmx/-Xms)
#   Decrease number of Java threads
#   Decrease Java thread stack sizes (-Xss)
#   Set larger code cache with -XX:ReservedCodeCacheSize=
# This output file may be truncated or incomplete.
#
#  Out of Memory Error (allocation.cpp:390), pid=19000, tid=21672
#
# JRE version: Java(TM) SE Runtime Environment (8.0_40-b25) (build 1.8.0_40-b25)
# Java VM: Java HotSpot(TM) 64-Bit Server VM (25.40-b25 mixed mode windows-amd64 compressed oops)
# Failed to write core dump. Minidumps are not enabled by default on client versions of Windows
#

---------------  T H R E A D  ---------------

Current thread (0x0000000014dde000):  JavaThread "C2 CompilerThread1" daemon [_thread_in_native, id=21672, stack(0x00000000167f0000,0x00000000168f0000)]

Stack: [0x00000000167f0000,0x00000000168f0000]
Native frames: (J=compiled Java code, j=interpreted, Vv=VM code, C=native code)
V  [jvm.dll+0x32b47a]
V  [jvm.dll+0x2797f3]
V  [jvm.dll+0x27a489]
V  [jvm.dll+0x2717a5]
V  [jvm.dll+0xcb9a2]
V  [jvm.dll+0xcbe6c]
V  [jvm.dll+0x476ea2]
V  [jvm.dll+0x4b950f]
V  [jvm.dll+0x46b6b5]
V  [jvm.dll+0x46ccbe]
V  [jvm.dll+0x4500d2]
V  [jvm.dll+0xa4312]
V  [jvm.dll+0xa4c4f]
V  [jvm.dll+0x241914]
V  [jvm.dll+0x29848a]
C  [msvcr100.dll+0x21d9f]
C  [msvcr100.dll+0x21e3b]
C  [KERNEL32.DLL+0x8364]
C  [ntdll.dll+0x670d1]


Current CompileTask:
C2:   3578 1972   !   4       com.android.dx.cf.cst.ConstantPoolParser::parse0 (731 bytes)


---------------  P R O C E S S  ---------------

Java Threads: ( => current thread )
  0x0000000016c0b800 JavaThread "pool-1-thread-4" [_thread_in_Java, id=4704, stack(0x00000000177f0000,0x00000000178f0000)]
  0x0000000016c08800 JavaThread "pool-1-thread-3" [_thread_blocked, id=16692, stack(0x00000000176f0000,0x00000000177f0000)]
  0x0000000016c05800 JavaThread "pool-1-thread-2" [_thread_in_Java, id=19464, stack(0x00000000175f0000,0x00000000176f0000)]
  0x000000001676a000 JavaThread "pool-2-thread-1" [_thread_blocked, id=20016, stack(0x00000000174f0000,0x00000000175f0000)]
  0x0000000016736800 JavaThread "pool-1-thread-1" [_thread_blocked, id=20960, stack(0x00000000173f0000,0x00000000174f0000)]
  0x0000000016482000 JavaThread "Service Thread" daemon [_thread_blocked, id=13620, stack(0x00000000169f0000,0x0000000016af0000)]
  0x0000000016443800 JavaThread "C1 CompilerThread2" daemon [_thread_in_native, id=7736, stack(0x00000000168f0000,0x00000000169f0000)]
=>0x0000000014dde000 JavaThread "C2 CompilerThread1" daemon [_thread_in_native, id=21672, stack(0x00000000167f0000,0x00000000168f0000)]
  0x0000000014ddb000 JavaThread "C2 CompilerThread0" daemon [_thread_in_native, id=7848, stack(0x00000000162f0000,0x00000000163f0000)]
  0x0000000014dd9000 JavaThread "Attach Listener" daemon [_thread_blocked, id=1608, stack(0x00000000161f0000,0x00000000162f0000)]
  0x0000000014d8e800 JavaThread "Signal Dispatcher" daemon [_thread_blocked, id=8636, stack(0x00000000160f0000,0x00000000161f0000)]
  0x00000000026a0800 JavaThread "Finalizer" daemon [_thread_blocked, id=11656, stack(0x0000000015ff0000,0x00000000160f0000)]
  0x000000000269d800 JavaThread "Reference Handler" daemon [_thread_blocked, id=16332, stack(0x0000000015ef0000,0x0000000015ff0000)]
  0x000000000214d800 JavaThread "main" [_thread_in_Java, id=19504, stack(0x00000000024b0000,0x00000000025b0000)]

Other Threads:
  0x0000000014d48800 VMThread [stack: 0x0000000015df0000,0x0000000015ef0000] [id=4660]
  0x0000000016483000 WatcherThread [stack: 0x0000000016af0000,0x0000000016bf0000] [id=14276]

VM state:not at safepoint (normal execution)

VM Mutex/Monitor currently owned by a thread: None

Heap:
 PSYoungGen      total 136192K, used 34155K [0x00000000eab00000, 0x00000000f4d00000, 0x0000000100000000)
  eden space 120320K, 15% used [0x00000000eab00000,0x00000000ebce01c0,0x00000000f2080000)
  from space 15872K, 99% used [0x00000000f3480000,0x00000000f43fad40,0x00000000f4400000)
  to   space 20480K, 0% used [0x00000000f2080000,0x00000000f2080000,0x00000000f3480000)
 ParOldGen       total 42496K, used 24839K [0x00000000c0000000, 0x00000000c2980000, 0x00000000eab00000)
  object space 42496K, 58% used [0x00000000c0000000,0x00000000c1841d18,0x00000000c2980000)
 Metaspace       used 6385K, capacity 7216K, committed 7296K, reserved 1056768K
  class space    used 595K, capacity 616K, committed 640K, reserved 1048576K

Card table byte_map: [0x0000000011a70000,0x0000000011c80000] byte_map_base: 0x0000000011470000

Marking Bits: (ParMarkBitMap*) 0x000000006dbc4040
 Begin Bits: [0x00000000121e0000, 0x00000000131e0000)
 End Bits:   [0x00000000131e0000, 0x00000000141e0000)

Polling page: 0x0000000000530000

CodeCache: size=245760Kb used=8412Kb max_used=8412Kb free=237347Kb
 bounds [0x00000000026b0000, 0x0000000002ef0000, 0x00000000116b0000]
 total_blobs=2227 nmethods=1957 adapters=182
 compilation: enabled

Compilation events (10 events):
Event: 3.543 Thread 0x0000000016443800 1989       2       com.android.dx.dex.file.ClassDefItem::<init> (110 bytes)
Event: 3.544 Thread 0x0000000016443800 nmethod 1989 0x0000000002ede550 code [0x0000000002ede720, 0x0000000002eded48]
Event: 3.544 Thread 0x0000000016443800 1990   !   2       com.android.dx.dex.cf.AttributeTranslator::getClassAnnotations (135 bytes)
Event: 3.546 Thread 0x0000000016443800 nmethod 1990 0x0000000002edc990 code [0x0000000002edcc40, 0x0000000002edd968]
Event: 3.546 Thread 0x0000000016443800 1991   !   2       com.android.dx.dex.cf.CfTranslator::processFields (251 bytes)
Event: 3.548 Thread 0x0000000016443800 nmethod 1991 0x0000000002ee7090 code [0x0000000002ee73c0, 0x0000000002ee80c8]
Event: 3.551 Thread 0x0000000016443800 1992       2       com.android.dx.ssa.back.FirstFitLocalCombiningAllocator$Alignment$2::nextClearBit (26 bytes)
Event: 3.551 Thread 0x0000000016443800 nmethod 1992 0x0000000002edc4d0 code [0x0000000002edc640, 0x0000000002edc858]
Event: 3.560 Thread 0x0000000016443800 1993       2       com.android.dx.dex.file.AnnotationsDirectoryItem::addMethodAnnotations (44 bytes)
Event: 3.561 Thread 0x0000000016443800 nmethod 1993 0x0000000002edbbd0 code [0x0000000002edbd60, 0x0000000002edc1a8]

GC Heap History (10 events):
Event: 1.977 GC heap before
{Heap before GC invocations=4 (full 0):
 PSYoungGen      total 18432K, used 18413K [0x00000000eab00000, 0x00000000ecf00000, 0x0000000100000000)
  eden space 15872K, 100% used [0x00000000eab00000,0x00000000eba80000,0x00000000eba80000)
  from space 2560K, 99% used [0x00000000eba80000,0x00000000ebcfb440,0x00000000ebd00000)
  to   space 2560K, 0% used [0x00000000ecc80000,0x00000000ecc80000,0x00000000ecf00000)
 ParOldGen       total 42496K, used 5109K [0x00000000c0000000, 0x00000000c2980000, 0x00000000eab00000)
  object space 42496K, 12% used [0x00000000c0000000,0x00000000c04fd4b0,0x00000000c2980000)
 Metaspace       used 6153K, capacity 7024K, committed 7296K, reserved 1056768K
  class space    used 594K, capacity 616K, committed 640K, reserved 1048576K
Event: 2.019 GC heap after
Heap after GC invocations=4 (full 0):
 PSYoungGen      total 34304K, used 2541K [0x00000000eab00000, 0x00000000ecf00000, 0x0000000100000000)
  eden space 31744K, 0% used [0x00000000eab00000,0x00000000eab00000,0x00000000eca00000)
  from space 2560K, 99% used [0x00000000ecc80000,0x00000000ecefb430,0x00000000ecf00000)
  to   space 2560K, 0% used [0x00000000eca00000,0x00000000eca00000,0x00000000ecc80000)
 ParOldGen       total 42496K, used 7083K [0x00000000c0000000, 0x00000000c2980000, 0x00000000eab00000)
  object space 42496K, 16% used [0x00000000c0000000,0x00000000c06eaf58,0x00000000c2980000)
 Metaspace       used 6153K, capacity 7024K, committed 7296K, reserved 1056768K
  class space    used 594K, capacity 616K, committed 640K, reserved 1048576K
}
Event: 2.522 GC heap before
{Heap before GC invocations=5 (full 0):
 PSYoungGen      total 34304K, used 34285K [0x00000000eab00000, 0x00000000ecf00000, 0x0000000100000000)
  eden space 31744K, 100% used [0x00000000eab00000,0x00000000eca00000,0x00000000eca00000)
  from space 2560K, 99% used [0x00000000ecc80000,0x00000000ecefb430,0x00000000ecf00000)
  to   space 2560K, 0% used [0x00000000eca00000,0x00000000eca00000,0x00000000ecc80000)
 ParOldGen       total 42496K, used 7083K [0x00000000c0000000, 0x00000000c2980000, 0x00000000eab00000)
  object space 42496K, 16% used [0x00000000c0000000,0x00000000c06eaf58,0x00000000c2980000)
 Metaspace       used 6239K, capacity 7088K, committed 7296K, reserved 1056768K
  class space    used 595K, capacity 616K, committed 640K, reserved 1048576K
Event: 2.545 GC heap after
Heap after GC invocations=5 (full 0):
 PSYoungGen      total 34304K, used 2551K [0x00000000eab00000, 0x00000000efb00000, 0x0000000100000000)
  eden space 31744K, 0% used [0x00000000eab00000,0x00000000eab00000,0x00000000eca00000)
  from space 2560K, 99% used [0x00000000eca00000,0x00000000ecc7df80,0x00000000ecc80000)
  to   space 9216K, 0% used [0x00000000ef200000,0x00000000ef200000,0x00000000efb00000)
 ParOldGen       total 42496K, used 12966K [0x00000000c0000000, 0x00000000c2980000, 0x00000000eab00000)
  object space 42496K, 30% used [0x00000000c0000000,0x00000000c0ca9870,0x00000000c2980000)
 Metaspace       used 6239K, capacity 7088K, committed 7296K, reserved 1056768K
  class space    used 595K, capacity 616K, committed 640K, reserved 1048576K
}
Event: 2.812 GC heap before
{Heap before GC invocations=6 (full 0):
 PSYoungGen      total 34304K, used 34295K [0x00000000eab00000, 0x00000000efb00000, 0x0000000100000000)
  eden space 31744K, 100% used [0x00000000eab00000,0x00000000eca00000,0x00000000eca00000)
  from space 2560K, 99% used [0x00000000eca00000,0x00000000ecc7df80,0x00000000ecc80000)
  to   space 9216K, 0% used [0x00000000ef200000,0x00000000ef200000,0x00000000efb00000)
 ParOldGen       total 42496K, used 12966K [0x00000000c0000000, 0x00000000c2980000, 0x00000000eab00000)
  object space 42496K, 30% used [0x00000000c0000000,0x00000000c0ca9870,0x00000000c2980000)
 Metaspace       used 6269K, capacity 7152K, committed 7296K, reserved 1056768K
  class space    used 595K, capacity 616K, committed 640K, reserved 1048576K
Event: 2.823 GC heap after
Heap after GC invocations=6 (full 0):
 PSYoungGen      total 71680K, used 8007K [0x00000000eab00000, 0x00000000efd00000, 0x0000000100000000)
  eden space 62464K, 0% used [0x00000000eab00000,0x00000000eab00000,0x00000000ee800000)
  from space 9216K, 86% used [0x00000000ef200000,0x00000000ef9d1fa0,0x00000000efb00000)
  to   space 10240K, 0% used [0x00000000ee800000,0x00000000ee800000,0x00000000ef200000)
 ParOldGen       total 42496K, used 12966K [0x00000000c0000000, 0x00000000c2980000, 0x00000000eab00000)
  object space 42496K, 30% used [0x00000000c0000000,0x00000000c0ca9870,0x00000000c2980000)
 Metaspace       used 6269K, capacity 7152K, committed 7296K, reserved 1056768K
  class space    used 595K, capacity 616K, committed 640K, reserved 1048576K
}
Event: 3.205 GC heap before
{Heap before GC invocations=7 (full 0):
 PSYoungGen      total 71680K, used 70471K [0x00000000eab00000, 0x00000000efd00000, 0x0000000100000000)
  eden space 62464K, 100% used [0x00000000eab00000,0x00000000ee800000,0x00000000ee800000)
  from space 9216K, 86% used [0x00000000ef200000,0x00000000ef9d1fa0,0x00000000efb00000)
  to   space 10240K, 0% used [0x00000000ee800000,0x00000000ee800000,0x00000000ef200000)
 ParOldGen       total 42496K, used 12966K [0x00000000c0000000, 0x00000000c2980000, 0x00000000eab00000)
  object space 42496K, 30% used [0x00000000c0000000,0x00000000c0ca9870,0x00000000c2980000)
 Metaspace       used 6324K, capacity 7152K, committed 7296K, reserved 1056768K
  class space    used 595K, capacity 616K, committed 640K, reserved 1048576K
Event: 3.226 GC heap after
Heap after GC invocations=7 (full 0):
 PSYoungGen      total 72704K, used 10235K [0x00000000eab00000, 0x00000000f4400000, 0x0000000100000000)
  eden space 62464K, 0% used [0x00000000eab00000,0x00000000eab00000,0x00000000ee800000)
  from space 10240K, 99% used [0x00000000ee800000,0x00000000ef1fed40,0x00000000ef200000)
  to   space 15872K, 0% used [0x00000000f3480000,0x00000000f3480000,0x00000000f4400000)
 ParOldGen       total 42496K, used 19861K [0x00000000c0000000, 0x00000000c2980000, 0x00000000eab00000)
  object space 42496K, 46% used [0x00000000c0000000,0x00000000c1365648,0x00000000c2980000)
 Metaspace       used 6324K, capacity 7152K, committed 7296K, reserved 1056768K
  class space    used 595K, capacity 616K, committed 640K, reserved 1048576K
}
Event: 3.498 GC heap before
{Heap before GC invocations=8 (full 0):
 PSYoungGen      total 72704K, used 72699K [0x00000000eab00000, 0x00000000f4400000, 0x0000000100000000)
  eden space 62464K, 100% used [0x00000000eab00000,0x00000000ee800000,0x00000000ee800000)
  from space 10240K, 99% used [0x00000000ee800000,0x00000000ef1fed40,0x00000000ef200000)
  to   space 15872K, 0% used [0x00000000f3480000,0x00000000f3480000,0x00000000f4400000)
 ParOldGen       total 42496K, used 19861K [0x00000000c0000000, 0x00000000c2980000, 0x00000000eab00000)
  object space 42496K, 46% used [0x00000000c0000000,0x00000000c1365648,0x00000000c2980000)
 Metaspace       used 6368K, capacity 7216K, committed 7296K, reserved 1056768K
  class space    used 595K, capacity 616K, committed 640K, reserved 1048576K
Event: 3.529 GC heap after
Heap after GC invocations=8 (full 0):
 PSYoungGen      total 136192K, used 15851K [0x00000000eab00000, 0x00000000f4d00000, 0x0000000100000000)
  eden space 120320K, 0% used [0x00000000eab00000,0x00000000eab00000,0x00000000f2080000)
  from space 15872K, 99% used [0x00000000f3480000,0x00000000f43fad40,0x00000000f4400000)
  to   space 20480K, 0% used [0x00000000f2080000,0x00000000f2080000,0x00000000f3480000)
 ParOldGen       total 42496K, used 24839K [0x00000000c0000000, 0x00000000c2980000, 0x00000000eab00000)
  object space 42496K, 58% used [0x00000000c0000000,0x00000000c1841d18,0x00000000c2980000)
 Metaspace       used 6368K, capacity 7216K, committed 7296K, reserved 1056768K
  class space    used 595K, capacity 616K, committed 640K, reserved 1048576K
}

Deoptimization events (10 events):
Event: 2.856 Thread 0x0000000016c05800 Uncommon trap: reason=bimorphic action=maybe_recompile pc=0x0000000002d94f74 method=com.android.dx.cf.code.BytecodeArray.parseInstruction(ILcom/android/dx/cf/code/BytecodeArray$Visitor;)I @ 1501
Event: 2.866 Thread 0x0000000016736800 Uncommon trap: reason=unstable_if action=reinterpret pc=0x0000000002def3f8 method=com.android.dx.cf.code.RopperMachine.run(Lcom/android/dx/cf/code/Frame;II)V @ 1250
Event: 3.097 Thread 0x0000000016c05800 Uncommon trap: reason=unstable_if action=reinterpret pc=0x0000000002dd2a40 method=com.android.dx.ssa.SCCP.simulateStmt(Lcom/android/dx/ssa/SsaInsn;)V @ 53
Event: 3.117 Thread 0x0000000016c05800 Uncommon trap: reason=class_check action=maybe_recompile pc=0x0000000002c43110 method=java.util.HashMap.putVal(ILjava/lang/Object;Ljava/lang/Object;ZZ)Ljava/lang/Object; @ 203
Event: 3.136 Thread 0x0000000016c05800 Uncommon trap: reason=uninitialized action=reinterpret pc=0x0000000002e4990c method=com.android.dx.cf.code.BytecodeArray.parseInstruction(ILcom/android/dx/cf/code/BytecodeArray$Visitor;)I @ 1079
Event: 3.138 Thread 0x0000000016c05800 Uncommon trap: reason=bimorphic action=maybe_recompile pc=0x0000000002d72aa8 method=com.android.dx.ssa.SCCP.simulatePhi(Lcom/android/dx/ssa/PhiInsn;)V @ 124
Event: 3.138 Thread 0x0000000016c05800 Uncommon trap: reason=bimorphic action=maybe_recompile pc=0x0000000002d72aa8 method=com.android.dx.ssa.SCCP.simulatePhi(Lcom/android/dx/ssa/PhiInsn;)V @ 124
Event: 3.230 Thread 0x0000000016c05800 Uncommon trap: reason=bimorphic action=maybe_recompile pc=0x0000000002d72aa8 method=com.android.dx.ssa.SCCP.simulatePhi(Lcom/android/dx/ssa/PhiInsn;)V @ 124
Event: 3.230 Thread 0x0000000016c05800 Uncommon trap: reason=bimorphic action=maybe_recompile pc=0x0000000002d72aa8 method=com.android.dx.ssa.SCCP.simulatePhi(Lcom/android/dx/ssa/PhiInsn;)V @ 124
Event: 3.399 Thread 0x0000000016c08800 Uncommon trap: reason=unstable_if action=reinterpret pc=0x0000000002c168a4 method=com.android.dx.rop.code.LocalItem.compareHandlesNulls(Lcom/android/dx/rop/cst/CstString;Lcom/android/dx/rop/cst/CstString;)I @ 14

Internal exceptions (4 events):
Event: 0.353 Thread 0x000000000214d800 Exception <a 'java/lang/NoSuchMethodError': Method sun.misc.Unsafe.defineClass(Ljava/lang/String;[BII)Ljava/lang/Class; name or signature does not match> (0x00000000eab12ef8) thrown at [D:\re\workspace\8-2-build-windows-amd64-cygwin\jdk8u40\2855\hotspot\sr¡Z#”Ö?
Event: 0.353 Thread 0x000000000214d800 Exception <a 'java/lang/NoSuchMethodError': Method sun.misc.Unsafe.prefetchRead(Ljava/lang/Object;J)V name or signature does not match> (0x00000000eab13188) thrown at [D:\re\workspace\8-2-build-windows-amd64-cygwin\jdk8u40\2855\hotspot\src\share\vm\prims\j·¼6í
Event: 1.438 Thread 0x0000000016c0b800 Implicit null exception at 0x00000000029c46a2 to 0x00000000029c47a5
Event: 3.399 Thread 0x0000000016c08800 Implicit null exception at 0x0000000002c14f87 to 0x0000000002c1687d

Events (10 events):
Event: 3.230 Thread 0x0000000016c05800 DEOPT UNPACKING pc=0x00000000026f582a sp=0x00000000176ee858 mode 2
Event: 3.380 Thread 0x000000000214d800 DEOPT PACKING pc=0x0000000002dc8ad2 sp=0x00000000025aeb40
Event: 3.380 Thread 0x000000000214d800 DEOPT UNPACKING pc=0x00000000026f787f sp=0x00000000025ae950 mode 0
Event: 3.384 Thread 0x000000000214d800 DEOPT PACKING pc=0x0000000002dc6661 sp=0x00000000025aea40
Event: 3.384 Thread 0x000000000214d800 DEOPT UNPACKING pc=0x00000000026f787f sp=0x00000000025ae800 mode 0
Event: 3.399 Thread 0x0000000016c08800 Uncommon trap: trap_request=0xffffff65 fr.pc=0x0000000002c168a4
Event: 3.399 Thread 0x0000000016c08800 DEOPT PACKING pc=0x0000000002c168a4 sp=0x00000000177eeb10
Event: 3.399 Thread 0x0000000016c08800 DEOPT UNPACKING pc=0x00000000026f582a sp=0x00000000177ee8a8 mode 2
Event: 3.480 Executing VM operation: ParallelGCFailedAllocation
Event: 3.529 Executing VM operation: ParallelGCFailedAllocation done


Dynamic libraries:
0x00007ff611520000 - 0x00007ff611557000 	C:\Program Files\Java\jdk1.8.0_40\bin\java.exe
0x00007ffdab180000 - 0x00007ffdab351000 	C:\WINDOWS\SYSTEM32\ntdll.dll
0x00007ffda94a0000 - 0x00007ffda954b000 	C:\WINDOWS\System32\KERNEL32.DLL
0x00007ffda7670000 - 0x00007ffda788d000 	C:\WINDOWS\System32\KERNELBASE.dll
0x00007ffda93f0000 - 0x00007ffda9492000 	C:\WINDOWS\System32\ADVAPI32.dll
0x00007ffda8810000 - 0x00007ffda88ae000 	C:\WINDOWS\System32\msvcrt.dll
0x00007ffda9330000 - 0x00007ffda9389000 	C:\WINDOWS\System32\sechost.dll
0x00007ffda9200000 - 0x00007ffda9321000 	C:\WINDOWS\System32\RPCRT4.dll
0x00007ffda9550000 - 0x00007ffda96b5000 	C:\WINDOWS\System32\USER32.dll
0x00007ffda84e0000 - 0x00007ffda84fe000 	C:\WINDOWS\System32\win32u.dll
0x00007ffda9b60000 - 0x00007ffda9b94000 	C:\WINDOWS\System32\GDI32.dll
0x00007ffda8350000 - 0x00007ffda84d2000 	C:\WINDOWS\System32\gdi32full.dll
0x00007ffd9f1c0000 - 0x00007ffd9f439000 	C:\WINDOWS\WinSxS\amd64_microsoft.windows.common-controls_6595b64144ccf1df_6.0.14393.447_none_42191651c6827bb3\COMCTL32.dll
0x00007ffda8f20000 - 0x00007ffda91e8000 	C:\WINDOWS\System32\combase.dll
0x00007ffda8610000 - 0x00007ffda8705000 	C:\WINDOWS\System32\ucrtbase.dll
0x00007ffda8240000 - 0x00007ffda82aa000 	C:\WINDOWS\System32\bcryptPrimitives.dll
0x00007ffda89c0000 - 0x00007ffda89ee000 	C:\WINDOWS\System32\IMM32.DLL
0x000000006cfc0000 - 0x000000006d092000 	C:\Program Files\Java\jdk1.8.0_40\jre\bin\msvcr100.dll
0x000000006d3c0000 - 0x000000006dc43000 	C:\Program Files\Java\jdk1.8.0_40\jre\bin\server\jvm.dll
0x00007ffda91f0000 - 0x00007ffda91f8000 	C:\WINDOWS\System32\PSAPI.DLL
0x00007ffda4760000 - 0x00007ffda4769000 	C:\WINDOWS\SYSTEM32\WSOCK32.dll
0x00007ffda9af0000 - 0x00007ffda9b5a000 	C:\WINDOWS\System32\WS2_32.dll
0x00007ffda55c0000 - 0x00007ffda55e3000 	C:\WINDOWS\SYSTEM32\WINMM.dll
0x00007ffda0d50000 - 0x00007ffda0d5a000 	C:\WINDOWS\SYSTEM32\VERSION.dll
0x00007ffda5560000 - 0x00007ffda558b000 	C:\WINDOWS\SYSTEM32\WINMMBASE.dll
0x00007ffda81f0000 - 0x00007ffda8232000 	C:\WINDOWS\System32\cfgmgr32.dll
0x000000006e4e0000 - 0x000000006e4ef000 	C:\Program Files\Java\jdk1.8.0_40\jre\bin\verify.dll
0x000000006e4b0000 - 0x000000006e4d9000 	C:\Program Files\Java\jdk1.8.0_40\jre\bin\java.dll
0x000000006e430000 - 0x000000006e446000 	C:\Program Files\Java\jdk1.8.0_40\jre\bin\zip.dll
0x00007ffda9c70000 - 0x00007ffdab179000 	C:\WINDOWS\System32\SHELL32.dll
0x00007ffda7b10000 - 0x00007ffda81ea000 	C:\WINDOWS\System32\windows.storage.dll
0x00007ffda75f0000 - 0x00007ffda763c000 	C:\WINDOWS\System32\powrprof.dll
0x00007ffda8960000 - 0x00007ffda89b2000 	C:\WINDOWS\System32\shlwapi.dll
0x00007ffda7660000 - 0x00007ffda766f000 	C:\WINDOWS\System32\kernel.appcore.dll
0x00007ffda7890000 - 0x00007ffda7939000 	C:\WINDOWS\System32\shcore.dll
0x00007ffda7640000 - 0x00007ffda7654000 	C:\WINDOWS\System32\profapi.dll
0x00007ffda4530000 - 0x00007ffda46c2000 	C:\WINDOWS\SYSTEM32\dbghelp.dll

VM Arguments:
jvm_args: -Djava.awt.headless=true -Xmx1024M -Dfile.encoding=GBK -Duser.country=CN -Duser.language=zh -Duser.variant 
java_command: com.android.dx.command.Main --dex --force-jumbo --num-threads=4 --output D:\AndroidProject\MiniWeather\app\build\intermediates\pre-dexed\debug\com.android.support-support-v4-23.3.0_2b0d87845b7f51eee865660535f2baab492d1fba.jar D:\AndroidProject\MiniWeather\app\build\intermediates\exploded-aar\com.android.support\support-v4\23.3.0\jars\classes.jar
java_class_path (initial): C:\Users\jinge\AppData\Local\Android\sdk\build-tools\23.0.3\lib\dx.jar
Launcher Type: SUN_STANDARD

Environment Variables:
JAVA_HOME=C:\Program Files\Java\jdk1.8.0_40
CLASSPATH=.;C:\Program Files\Java\jdk1.8.0_40\lib\tools.jar;C:\Program Files\Java\jdk1.8.0_40\lib\dt.jar;C:\Program Files\Java\jdk1.8.0_40\bin
PATH=C:\Program Files (x86)\Intel\iCLS Client\;C:\Program Files\Intel\iCLS Client\;C:\windows\system32;C:\windows;C:\windows\System32\Wbem;C:\windows\System32\WindowsPowerShell\v1.0\;C:\Program Files (x86)\Intel\Intel(R) Management Engine Components\DAL;C:\Program Files\Intel\Intel(R) Management Engine Components\DAL;C:\Program Files (x86)\Intel\Intel(R) Management Engine Components\IPT;C:\Program Files\Intel\Intel(R) Management Engine Components\IPT;C:\Program Files (x86)\NVIDIA Corporation\PhysX\Common;C:\Program Files\Intel\WiFi\bin\;C:\Program Files\Common Files\Intel\WirelessCommon\;D:\jdk1.7\bin;D:\jdk1.7\jre\bin;C:\Program Files\Java\jdk1.8.0_40\bin;C:\WINDOWS\system32;C:\WINDOWS;C:\WINDOWS\System32\Wbem;C:\WINDOWS\System32\WindowsPowerShell\v1.0\;D:\Git\cmd;C:\Users\jinge\AppData\Local\Programs\Python\Python35\Scripts\;C:\Users\jinge\AppData\Local\Programs\Python\Python35\;%USERPROFILE%\AppData\Local\Microsoft\WindowsApps;
USERNAME=jinge
OS=Windows_NT
PROCESSOR_IDENTIFIER=Intel64 Family 6 Model 94 Stepping 3, GenuineIntel



---------------  S Y S T E M  ---------------

OS: Windows 10.0 , 64 bit Build 14393 (10.0.14393.0)

CPU:total 4 (4 cores per cpu, 1 threads per core) family 6 model 94 stepping 3, cmov, cx8, fxsr, mmx, sse, sse2, sse3, ssse3, sse4.1, sse4.2, popcnt, avx, avx2, aes, clmul, erms, rtm, 3dnowpref, lzcnt, tsc, tscinvbit, bmi1, bmi2, adx

Memory: 4k page, physical 4029280k(91896k free), swap 16612192k(4216k free)

vm_info: Java HotSpot(TM) 64-Bit Server VM (25.40-b25) for windows-amd64 JRE (1.8.0_40-b25), built on Feb 10 2015 21:53:57 by "java_re" with MS VC++ 10.0 (VS2010)

time: Mon Dec 26 02:46:13 2016
elapsed time: 3 seconds (0d 0h 0m 3s)

